Using pre-set license
Built from '2020.3/staging' branch; Version is '2020.3.11f1 (99c7afb366b3) revision 10078127'; Using compiler version '192528614'; Build Type 'Release'
OS: 'Windows 10 Home; OS build 19043.1110; Version 2009; 64bit' Language: 'en' Physical Memory: 32635 MB
BatchMode: 1, IsHumanControllingUs: 0, StartBugReporterOnCrash: 0, Is64bit: 1, IsPro: 0

 COMMAND LINE ARGUMENTS:
D:\programs\unity\2020.3.11f1\Editor\Unity.exe
-adb2
-batchMode
-noUpm
-name
AssetImportWorker0
-projectPath
D:/projects/unityProjects/3D projects/2Glasses
-logFile
Logs/AssetImportWorker0.log
-srvPort
57897
Successfully changed project path to: D:/projects/unityProjects/3D projects/2Glasses
D:/projects/unityProjects/3D projects/2Glasses
Using Asset Import Pipeline V2.
Refreshing native plugins compatible for Editor in 24.52 ms, found 2 plugins.
Preloading 0 native plugins for Editor in 0.00 ms.
Initialize engine version: 2020.3.11f1 (99c7afb366b3)
[Subsystems] Discovering subsystems at path D:/programs/unity/2020.3.11f1/Editor/Data/Resources/UnitySubsystems
[Subsystems] Discovering subsystems at path D:/projects/unityProjects/3D projects/2Glasses/Assets
GfxDevice: creating device client; threaded=0
Direct3D:
    Version:  Direct3D 11.0 [level 11.1]
    Renderer: NVIDIA GeForce GTX 1650 Ti (ID=0x1f95)
    Vendor:   
    VRAM:     3962 MB
    Driver:   27.21.14.6611
Initialize mono
Mono path[0] = 'D:/programs/unity/2020.3.11f1/Editor/Data/Managed'
Mono path[1] = 'D:/programs/unity/2020.3.11f1/Editor/Data/MonoBleedingEdge/lib/mono/unityjit'
Mono config path = 'D:/programs/unity/2020.3.11f1/Editor/Data/MonoBleedingEdge/etc'
Using monoOptions --debugger-agent=transport=dt_socket,embedding=1,server=y,suspend=n,address=127.0.0.1:56096
Begin MonoManager ReloadAssembly
Registering precompiled unity dll's ...
Register platform support module: D:/programs/unity/2020.3.11f1/Editor/Data/PlaybackEngines/WebGLSupport/UnityEditor.WebGL.Extensions.dll
Register platform support module: D:/programs/unity/2020.3.11f1/Editor/Data/PlaybackEngines/WindowsStandaloneSupport/UnityEditor.WindowsStandalone.Extensions.dll
Register platform support module: D:/programs/unity/2020.3.11f1/Editor/Data/PlaybackEngines/LuminSupport/UnityEditor.Lumin.Extensions.dll
Registered in 0.001027 seconds.
Native extension for Lumin target not found
Native extension for WindowsStandalone target not found
Native extension for WebGL target not found
Refreshing native plugins compatible for Editor in 25.14 ms, found 2 plugins.
Preloading 0 native plugins for Editor in 0.00 ms.
Mono: successfully reloaded assembly
- Completed reload, in  1.110 seconds
Platform modules already initialized, skipping
Registering precompiled user dll's ...
Registered in 0.001737 seconds.
Begin MonoManager ReloadAssembly
Native extension for Lumin target not found
Native extension for WindowsStandalone target not found
Native extension for WebGL target not found
Refreshing native plugins compatible for Editor in 0.30 ms, found 2 plugins.
Preloading 0 native plugins for Editor in 0.00 ms.
Mono: successfully reloaded assembly
- Completed reload, in  0.823 seconds
Platform modules already initialized, skipping
========================================================================
Worker process is ready to serve import requests
Launched and connected shader compiler UnityShaderCompiler.exe after 0.05 seconds
Refreshing native plugins compatible for Editor in 0.34 ms, found 2 plugins.
Preloading 0 native plugins for Editor in 0.00 ms.
Unloading 1624 Unused Serialized files (Serialized files now loaded: 0)
System memory in use before: 88.2 MB.
System memory in use after: 88.3 MB.

Unloading 20 unused Assets to reduce memory usage. Loaded Objects now: 2078.
Total: 1.708700 ms (FindLiveObjects: 0.148000 ms CreateObjectMapping: 0.048900 ms MarkObjects: 1.399400 ms  DeleteObjects: 0.111700 ms)

========================================================================
Received Import Request.
  path: Assets/TextMesh Pro
  artifactKey: Guid(f54d1bd14bd3ca042bd867b519fee8cc) Importer(815301076,1909f56bfc062723c751e8b465ee728b)
Start importing Assets/TextMesh Pro using Guid(f54d1bd14bd3ca042bd867b519fee8cc) Importer(815301076,1909f56bfc062723c751e8b465ee728b)  -> (artifact id: '16b4cbde9565bf190136f1148817e1ea') in 0.008009 seconds
  Import took 0.010143 seconds .

========================================================================
Received Import Request.
  Time since last request: 0.000176 seconds.
  path: Assets/Tree_Textures
  artifactKey: Guid(8a87b9a5e0906f34ba00ac023167e92c) Importer(815301076,1909f56bfc062723c751e8b465ee728b)
Start importing Assets/Tree_Textures using Guid(8a87b9a5e0906f34ba00ac023167e92c) Importer(815301076,1909f56bfc062723c751e8b465ee728b)  -> (artifact id: '991bfa53a7d85aae0ae3e37f981b3adb') in 0.008279 seconds
  Import took 0.010549 seconds .

========================================================================
Received Import Request.
  Time since last request: 7.292385 seconds.
  path: Assets/Coin.cs
  artifactKey: Guid(89b5424bb015f0c45848d9da1196db16) Importer(815301076,1909f56bfc062723c751e8b465ee728b)
Start importing Assets/Coin.cs using Guid(89b5424bb015f0c45848d9da1196db16) Importer(815301076,1909f56bfc062723c751e8b465ee728b)  -> (artifact id: '5f135564adf2196fafa84967a0bb3733') in 0.057879 seconds
  Import took 0.060301 seconds .

========================================================================
Received Import Request.
  Time since last request: 0.330219 seconds.
  path: Assets/EnemyHealth.cs
  artifactKey: Guid(88842a34a32f624498b62d1a06fed7e3) Importer(815301076,1909f56bfc062723c751e8b465ee728b)
Start importing Assets/EnemyHealth.cs using Guid(88842a34a32f624498b62d1a06fed7e3) Importer(815301076,1909f56bfc062723c751e8b465ee728b)  -> (artifact id: '11e6b870f9eca9bdbc9995f01faa8d4b') in 0.007010 seconds
  Import took 0.009419 seconds .

========================================================================
Received Import Request.
  Time since last request: 0.411792 seconds.
  path: Assets/EnemyMoveAlong.cs
  artifactKey: Guid(d80c74e712a57614498f53f79201eb56) Importer(815301076,1909f56bfc062723c751e8b465ee728b)
Start importing Assets/EnemyMoveAlong.cs using Guid(d80c74e712a57614498f53f79201eb56) Importer(815301076,1909f56bfc062723c751e8b465ee728b)  -> (artifact id: 'dec4f239301cd4bbcfbd0ebca3936bf1') in 0.007885 seconds
  Import took 0.010605 seconds .

========================================================================
Received Import Request.
  Time since last request: 0.000711 seconds.
  path: Assets/EnemyMoveAlong.cs
  artifactKey: Guid(d80c74e712a57614498f53f79201eb56) Importer(815301076,1909f56bfc062723c751e8b465ee728b)
Start importing Assets/EnemyMoveAlong.cs using Guid(d80c74e712a57614498f53f79201eb56) Importer(815301076,1909f56bfc062723c751e8b465ee728b)  -> (artifact id: 'dec4f239301cd4bbcfbd0ebca3936bf1') in 0.002406 seconds
  Import took 0.004728 seconds .

========================================================================
Received Import Request.
  Time since last request: 0.345652 seconds.
  path: Assets/EnemyMovement.cs
  artifactKey: Guid(aa3f6ee224fae3c4f83ba46625a28e0a) Importer(815301076,1909f56bfc062723c751e8b465ee728b)
Start importing Assets/EnemyMovement.cs using Guid(aa3f6ee224fae3c4f83ba46625a28e0a) Importer(815301076,1909f56bfc062723c751e8b465ee728b)  -> (artifact id: '6093236abe5aa446d5f1670f9cb7f86b') in 0.007903 seconds
  Import took 0.010365 seconds .

========================================================================
Received Import Request.
  Time since last request: 0.398513 seconds.
  path: Assets/EnemyReloading.cs
  artifactKey: Guid(341eed7566f9a2846865750a289ea60d) Importer(815301076,1909f56bfc062723c751e8b465ee728b)
Start importing Assets/EnemyReloading.cs using Guid(341eed7566f9a2846865750a289ea60d) Importer(815301076,1909f56bfc062723c751e8b465ee728b)  -> (artifact id: '5a120983574d6d51ad983d20a2c75e01') in 0.007503 seconds
  Import took 0.010717 seconds .

========================================================================
Received Import Request.
  Time since last request: 0.000269 seconds.
  path: Assets/EnemyReloading.cs
  artifactKey: Guid(341eed7566f9a2846865750a289ea60d) Importer(815301076,1909f56bfc062723c751e8b465ee728b)
Start importing Assets/EnemyReloading.cs using Guid(341eed7566f9a2846865750a289ea60d) Importer(815301076,1909f56bfc062723c751e8b465ee728b)  -> (artifact id: '5a120983574d6d51ad983d20a2c75e01') in 0.002461 seconds
  Import took 0.004766 seconds .

========================================================================
Received Import Request.
  Time since last request: 0.366547 seconds.
  path: Assets/EnemyRotateRunWithSphereCast.cs
  artifactKey: Guid(a8137e8321e5f494cae6a417bc5e0d45) Importer(815301076,1909f56bfc062723c751e8b465ee728b)
Start importing Assets/EnemyRotateRunWithSphereCast.cs using Guid(a8137e8321e5f494cae6a417bc5e0d45) Importer(815301076,1909f56bfc062723c751e8b465ee728b)  -> (artifact id: '4679b8a830fd0c9d4d8849e549661510') in 0.007243 seconds
  Import took 0.010017 seconds .

========================================================================
Received Import Request.
  Time since last request: 0.000828 seconds.
  path: Assets/EnemyRotateRunWithSphereCast.cs
  artifactKey: Guid(a8137e8321e5f494cae6a417bc5e0d45) Importer(815301076,1909f56bfc062723c751e8b465ee728b)
Start importing Assets/EnemyRotateRunWithSphereCast.cs using Guid(a8137e8321e5f494cae6a417bc5e0d45) Importer(815301076,1909f56bfc062723c751e8b465ee728b)  -> (artifact id: '4679b8a830fd0c9d4d8849e549661510') in 0.002695 seconds
  Import took 0.005323 seconds .

========================================================================
Received Import Request.
  Time since last request: 0.476393 seconds.
  path: Assets/EnemyRunRotation.cs
  artifactKey: Guid(46f82c2a9a454984b82d63c21e47ad79) Importer(815301076,1909f56bfc062723c751e8b465ee728b)
Start importing Assets/EnemyRunRotation.cs using Guid(46f82c2a9a454984b82d63c21e47ad79) Importer(815301076,1909f56bfc062723c751e8b465ee728b)  -> (artifact id: 'f9cfc46137c4566c9ac41743052d1db3') in 0.007872 seconds
  Import took 0.010792 seconds .

========================================================================
Received Import Request.
  Time since last request: 0.000422 seconds.
  path: Assets/EnemyRunRotation.cs
  artifactKey: Guid(46f82c2a9a454984b82d63c21e47ad79) Importer(815301076,1909f56bfc062723c751e8b465ee728b)
Start importing Assets/EnemyRunRotation.cs using Guid(46f82c2a9a454984b82d63c21e47ad79) Importer(815301076,1909f56bfc062723c751e8b465ee728b)  -> (artifact id: 'f9cfc46137c4566c9ac41743052d1db3') in 0.002373 seconds
  Import took 0.004707 seconds .

========================================================================
Received Import Request.
  Time since last request: 0.389524 seconds.
  path: Assets/EnemyShooting.cs
  artifactKey: Guid(2ab3210764fa8f84493571610b6bd228) Importer(815301076,1909f56bfc062723c751e8b465ee728b)
Start importing Assets/EnemyShooting.cs using Guid(2ab3210764fa8f84493571610b6bd228) Importer(815301076,1909f56bfc062723c751e8b465ee728b)  -> (artifact id: '82fa00821c81b746bc7d19a0c7cde3b7') in 0.008304 seconds
  Import took 0.010842 seconds .

========================================================================
Received Import Request.
  Time since last request: 0.001591 seconds.
  path: Assets/EnemyShooting.cs
  artifactKey: Guid(2ab3210764fa8f84493571610b6bd228) Importer(815301076,1909f56bfc062723c751e8b465ee728b)
Start importing Assets/EnemyShooting.cs using Guid(2ab3210764fa8f84493571610b6bd228) Importer(815301076,1909f56bfc062723c751e8b465ee728b)  -> (artifact id: '82fa00821c81b746bc7d19a0c7cde3b7') in 0.002372 seconds
  Import took 0.004778 seconds .

========================================================================
Received Import Request.
  Time since last request: 0.328016 seconds.
  path: Assets/EnemySphereCast.cs
  artifactKey: Guid(a4cdbc5f15a859b41928868f8c575280) Importer(815301076,1909f56bfc062723c751e8b465ee728b)
Start importing Assets/EnemySphereCast.cs using Guid(a4cdbc5f15a859b41928868f8c575280) Importer(815301076,1909f56bfc062723c751e8b465ee728b)  -> (artifact id: 'ae0b023b8607a35c0ef8d6bf8295ab07') in 0.006745 seconds
  Import took 0.009482 seconds .

========================================================================
Received Import Request.
  Time since last request: 0.413745 seconds.
  path: Assets/EnemyTankRotation.cs
  artifactKey: Guid(1c6f553027876da4db832d1c530b58d1) Importer(815301076,1909f56bfc062723c751e8b465ee728b)
Start importing Assets/EnemyTankRotation.cs using Guid(1c6f553027876da4db832d1c530b58d1) Importer(815301076,1909f56bfc062723c751e8b465ee728b)  -> (artifact id: '5a996b902a2204b784f1e6dcfa5b7a6d') in 0.006165 seconds
  Import took 0.008885 seconds .

========================================================================
Received Import Request.
  Time since last request: 0.000693 seconds.
  path: Assets/EnemyTankRotation.cs
  artifactKey: Guid(1c6f553027876da4db832d1c530b58d1) Importer(815301076,1909f56bfc062723c751e8b465ee728b)
Start importing Assets/EnemyTankRotation.cs using Guid(1c6f553027876da4db832d1c530b58d1) Importer(815301076,1909f56bfc062723c751e8b465ee728b)  -> (artifact id: '5a996b902a2204b784f1e6dcfa5b7a6d') in 0.002142 seconds
  Import took 0.004583 seconds .

========================================================================
Received Import Request.
  Time since last request: 10.189237 seconds.
  path: Assets/ManualReloading.cs
  artifactKey: Guid(4dbe8b0477581254896549487edec415) Importer(815301076,1909f56bfc062723c751e8b465ee728b)
Start importing Assets/ManualReloading.cs using Guid(4dbe8b0477581254896549487edec415) Importer(815301076,1909f56bfc062723c751e8b465ee728b)  -> (artifact id: '886003c94a674e29f554e658e6bcc579') in 0.005465 seconds
  Import took 0.007981 seconds .

========================================================================
Received Import Request.
  Time since last request: 1.838476 seconds.
  path: Assets/ReloadStationSpawner.cs
  artifactKey: Guid(2f9957088131f7240adad8b6bf7a2a24) Importer(815301076,1909f56bfc062723c751e8b465ee728b)
Start importing Assets/ReloadStationSpawner.cs using Guid(2f9957088131f7240adad8b6bf7a2a24) Importer(815301076,1909f56bfc062723c751e8b465ee728b)  -> (artifact id: 'e94e2ff5f6286722bae60d5b39789a85') in 0.006316 seconds
  Import took 0.009309 seconds .

========================================================================
Received Import Request.
  Time since last request: 0.000889 seconds.
  path: Assets/ReloadStationSpawner.cs
  artifactKey: Guid(2f9957088131f7240adad8b6bf7a2a24) Importer(815301076,1909f56bfc062723c751e8b465ee728b)
Start importing Assets/ReloadStationSpawner.cs using Guid(2f9957088131f7240adad8b6bf7a2a24) Importer(815301076,1909f56bfc062723c751e8b465ee728b)  -> (artifact id: 'e94e2ff5f6286722bae60d5b39789a85') in 0.002057 seconds
  Import took 0.004232 seconds .

========================================================================
Received Import Request.
  Time since last request: 1.772339 seconds.
  path: Assets/TankHealth.cs
  artifactKey: Guid(4e7bb8759a4e4c04f844b108d179bba9) Importer(815301076,1909f56bfc062723c751e8b465ee728b)
Start importing Assets/TankHealth.cs using Guid(4e7bb8759a4e4c04f844b108d179bba9) Importer(815301076,1909f56bfc062723c751e8b465ee728b)  -> (artifact id: '71cf6c74d752002b986dfa89adca2c39') in 0.006442 seconds
  Import took 0.009149 seconds .

========================================================================
Received Import Request.
  Time since last request: 0.000470 seconds.
  path: Assets/TankHealth.cs
  artifactKey: Guid(4e7bb8759a4e4c04f844b108d179bba9) Importer(815301076,1909f56bfc062723c751e8b465ee728b)
Start importing Assets/TankHealth.cs using Guid(4e7bb8759a4e4c04f844b108d179bba9) Importer(815301076,1909f56bfc062723c751e8b465ee728b)  -> (artifact id: '71cf6c74d752002b986dfa89adca2c39') in 0.002499 seconds
  Import took 0.004942 seconds .

========================================================================
Received Prepare
Registering precompiled user dll's ...
Registered in 0.001675 seconds.
Begin MonoManager ReloadAssembly
Native extension for Lumin target not found
Native extension for WindowsStandalone target not found
Native extension for WebGL target not found
Refreshing native plugins compatible for Editor in 0.30 ms, found 2 plugins.
Preloading 0 native plugins for Editor in 0.00 ms.
Mono: successfully reloaded assembly
- Completed reload, in  0.757 seconds
Platform modules already initialized, skipping
Refreshing native plugins compatible for Editor in 0.32 ms, found 2 plugins.
Preloading 0 native plugins for Editor in 0.00 ms.
Unloading 1604 Unused Serialized files (Serialized files now loaded: 0)
System memory in use before: 86.8 MB.
System memory in use after: 86.9 MB.

Unloading 15 unused Assets to reduce memory usage. Loaded Objects now: 2081.
Total: 1.642900 ms (FindLiveObjects: 0.147600 ms CreateObjectMapping: 0.051500 ms MarkObjects: 1.392900 ms  DeleteObjects: 0.050000 ms)

========================================================================
Received Prepare
Registering precompiled user dll's ...
Registered in 0.001743 seconds.
Begin MonoManager ReloadAssembly
Native extension for Lumin target not found
Native extension for WindowsStandalone target not found
Native extension for WebGL target not found
Refreshing native plugins compatible for Editor in 0.37 ms, found 2 plugins.
Preloading 0 native plugins for Editor in 0.00 ms.
Mono: successfully reloaded assembly
- Completed reload, in  0.778 seconds
Platform modules already initialized, skipping
Refreshing native plugins compatible for Editor in 0.32 ms, found 2 plugins.
Preloading 0 native plugins for Editor in 0.00 ms.
Unloading 1604 Unused Serialized files (Serialized files now loaded: 0)
System memory in use before: 86.8 MB.
System memory in use after: 86.9 MB.

Unloading 15 unused Assets to reduce memory usage. Loaded Objects now: 2084.
Total: 1.624700 ms (FindLiveObjects: 0.151900 ms CreateObjectMapping: 0.053100 ms MarkObjects: 1.365000 ms  DeleteObjects: 0.054000 ms)

========================================================================
Received Prepare
Registering precompiled user dll's ...
Registered in 0.001729 seconds.
Begin MonoManager ReloadAssembly
Native extension for Lumin target not found
Native extension for WindowsStandalone target not found
Native extension for WebGL target not found
Refreshing native plugins compatible for Editor in 0.31 ms, found 2 plugins.
Preloading 0 native plugins for Editor in 0.00 ms.
Mono: successfully reloaded assembly
- Completed reload, in  0.759 seconds
Platform modules already initialized, skipping
Refreshing native plugins compatible for Editor in 0.32 ms, found 2 plugins.
Preloading 0 native plugins for Editor in 0.00 ms.
Unloading 1604 Unused Serialized files (Serialized files now loaded: 0)
System memory in use before: 86.8 MB.
System memory in use after: 86.9 MB.

Unloading 15 unused Assets to reduce memory usage. Loaded Objects now: 2087.
Total: 1.655200 ms (FindLiveObjects: 0.159200 ms CreateObjectMapping: 0.053000 ms MarkObjects: 1.390100 ms  DeleteObjects: 0.051600 ms)

========================================================================
Received Prepare
Registering precompiled user dll's ...
Registered in 0.001718 seconds.
Begin MonoManager ReloadAssembly
Native extension for Lumin target not found
Native extension for WindowsStandalone target not found
Native extension for WebGL target not found
Refreshing native plugins compatible for Editor in 0.30 ms, found 2 plugins.
Preloading 0 native plugins for Editor in 0.00 ms.
Mono: successfully reloaded assembly
- Completed reload, in  0.744 seconds
Platform modules already initialized, skipping
Refreshing native plugins compatible for Editor in 0.32 ms, found 2 plugins.
Preloading 0 native plugins for Editor in 0.00 ms.
Unloading 1604 Unused Serialized files (Serialized files now loaded: 0)
System memory in use before: 86.9 MB.
System memory in use after: 86.9 MB.

Unloading 15 unused Assets to reduce memory usage. Loaded Objects now: 2090.
Total: 1.614700 ms (FindLiveObjects: 0.139000 ms CreateObjectMapping: 0.050200 ms MarkObjects: 1.375500 ms  DeleteObjects: 0.049300 ms)

========================================================================
Received Prepare
Registering precompiled user dll's ...
Registered in 0.001763 seconds.
Begin MonoManager ReloadAssembly
Native extension for Lumin target not found
Native extension for WindowsStandalone target not found
Native extension for WebGL target not found
Refreshing native plugins compatible for Editor in 0.32 ms, found 2 plugins.
Preloading 0 native plugins for Editor in 0.00 ms.
Mono: successfully reloaded assembly
- Completed reload, in  0.755 seconds
Platform modules already initialized, skipping
Refreshing native plugins compatible for Editor in 0.32 ms, found 2 plugins.
Preloading 0 native plugins for Editor in 0.00 ms.
Unloading 1604 Unused Serialized files (Serialized files now loaded: 0)
System memory in use before: 86.9 MB.
System memory in use after: 86.9 MB.

Unloading 15 unused Assets to reduce memory usage. Loaded Objects now: 2093.
Total: 1.692800 ms (FindLiveObjects: 0.150400 ms CreateObjectMapping: 0.050900 ms MarkObjects: 1.438900 ms  DeleteObjects: 0.051600 ms)

========================================================================
Received Prepare
Registering precompiled user dll's ...
Registered in 0.001678 seconds.
Begin MonoManager ReloadAssembly
Native extension for Lumin target not found
Native extension for WindowsStandalone target not found
Native extension for WebGL target not found
Refreshing native plugins compatible for Editor in 0.30 ms, found 2 plugins.
Preloading 0 native plugins for Editor in 0.00 ms.
Mono: successfully reloaded assembly
- Completed reload, in  0.762 seconds
Platform modules already initialized, skipping
Refreshing native plugins compatible for Editor in 0.31 ms, found 2 plugins.
Preloading 0 native plugins for Editor in 0.00 ms.
Unloading 1604 Unused Serialized files (Serialized files now loaded: 0)
System memory in use before: 86.9 MB.
System memory in use after: 86.9 MB.

Unloading 15 unused Assets to reduce memory usage. Loaded Objects now: 2096.
Total: 1.609400 ms (FindLiveObjects: 0.143400 ms CreateObjectMapping: 0.050900 ms MarkObjects: 1.364400 ms  DeleteObjects: 0.050100 ms)

========================================================================
Received Prepare
Registering precompiled user dll's ...
Registered in 0.001800 seconds.
Begin MonoManager ReloadAssembly
Native extension for Lumin target not found
Native extension for WindowsStandalone target not found
Native extension for WebGL target not found
Refreshing native plugins compatible for Editor in 0.30 ms, found 2 plugins.
Preloading 0 native plugins for Editor in 0.00 ms.
Mono: successfully reloaded assembly
- Completed reload, in  0.770 seconds
Platform modules already initialized, skipping
Refreshing native plugins compatible for Editor in 0.33 ms, found 2 plugins.
Preloading 0 native plugins for Editor in 0.00 ms.
Unloading 1601 Unused Serialized files (Serialized files now loaded: 0)
System memory in use before: 86.8 MB.
System memory in use after: 86.9 MB.

Unloading 18 unused Assets to reduce memory usage. Loaded Objects now: 2096.
Total: 1.652200 ms (FindLiveObjects: 0.151500 ms CreateObjectMapping: 0.049000 ms MarkObjects: 1.397000 ms  DeleteObjects: 0.054000 ms)

========================================================================
Received Prepare
Registering precompiled user dll's ...
Registered in 0.001636 seconds.
Begin MonoManager ReloadAssembly
Native extension for Lumin target not found
Native extension for WindowsStandalone target not found
Native extension for WebGL target not found
Refreshing native plugins compatible for Editor in 0.35 ms, found 2 plugins.
Preloading 0 native plugins for Editor in 0.00 ms.
Mono: successfully reloaded assembly
- Completed reload, in  0.781 seconds
Platform modules already initialized, skipping
Refreshing native plugins compatible for Editor in 0.32 ms, found 2 plugins.
Preloading 0 native plugins for Editor in 0.00 ms.
Unloading 1601 Unused Serialized files (Serialized files now loaded: 0)
System memory in use before: 86.8 MB.
System memory in use after: 86.9 MB.

Unloading 15 unused Assets to reduce memory usage. Loaded Objects now: 2099.
Total: 1.679100 ms (FindLiveObjects: 0.157200 ms CreateObjectMapping: 0.053300 ms MarkObjects: 1.411800 ms  DeleteObjects: 0.055900 ms)

========================================================================
Received Prepare
Registering precompiled user dll's ...
Registered in 0.001764 seconds.
Begin MonoManager ReloadAssembly
Native extension for Lumin target not found
Native extension for WindowsStandalone target not found
Native extension for WebGL target not found
Refreshing native plugins compatible for Editor in 0.30 ms, found 2 plugins.
Preloading 0 native plugins for Editor in 0.00 ms.
Mono: successfully reloaded assembly
- Completed reload, in  0.746 seconds
Platform modules already initialized, skipping
Refreshing native plugins compatible for Editor in 0.31 ms, found 2 plugins.
Preloading 0 native plugins for Editor in 0.00 ms.
Unloading 1601 Unused Serialized files (Serialized files now loaded: 0)
System memory in use before: 86.8 MB.
System memory in use after: 86.9 MB.

Unloading 15 unused Assets to reduce memory usage. Loaded Objects now: 2102.
Total: 1.628500 ms (FindLiveObjects: 0.144200 ms CreateObjectMapping: 0.049200 ms MarkObjects: 1.384300 ms  DeleteObjects: 0.050000 ms)

========================================================================
Received Prepare
Registering precompiled user dll's ...
Registered in 0.001726 seconds.
Begin MonoManager ReloadAssembly
Native extension for Lumin target not found
Native extension for WindowsStandalone target not found
Native extension for WebGL target not found
Refreshing native plugins compatible for Editor in 0.30 ms, found 2 plugins.
Preloading 0 native plugins for Editor in 0.00 ms.
Mono: successfully reloaded assembly
- Completed reload, in  0.760 seconds
Platform modules already initialized, skipping
Refreshing native plugins compatible for Editor in 0.31 ms, found 2 plugins.
Preloading 0 native plugins for Editor in 0.00 ms.
Unloading 1601 Unused Serialized files (Serialized files now loaded: 0)
System memory in use before: 86.8 MB.
System memory in use after: 86.9 MB.

Unloading 15 unused Assets to reduce memory usage. Loaded Objects now: 2105.
Total: 1.649900 ms (FindLiveObjects: 0.135300 ms CreateObjectMapping: 0.048200 ms MarkObjects: 1.414800 ms  DeleteObjects: 0.050700 ms)

========================================================================
Received Prepare
Registering precompiled user dll's ...
Registered in 0.001717 seconds.
Begin MonoManager ReloadAssembly
Native extension for Lumin target not found
Native extension for WindowsStandalone target not found
Native extension for WebGL target not found
Refreshing native plugins compatible for Editor in 0.30 ms, found 2 plugins.
Preloading 0 native plugins for Editor in 0.00 ms.
Mono: successfully reloaded assembly
- Completed reload, in  0.767 seconds
Platform modules already initialized, skipping
Refreshing native plugins compatible for Editor in 0.33 ms, found 2 plugins.
Preloading 0 native plugins for Editor in 0.00 ms.
Unloading 1601 Unused Serialized files (Serialized files now loaded: 0)
System memory in use before: 86.8 MB.
System memory in use after: 86.9 MB.

Unloading 15 unused Assets to reduce memory usage. Loaded Objects now: 2108.
Total: 1.683100 ms (FindLiveObjects: 0.146300 ms CreateObjectMapping: 0.052400 ms MarkObjects: 1.429300 ms  DeleteObjects: 0.054000 ms)

========================================================================
Received Import Request.
  Time since last request: 196.443060 seconds.
  path: Assets/Tree_Textures/diffuse.png
  artifactKey: Guid(04ea0e224badf0743a03e8f7d0fd8e92) Importer(815301076,1909f56bfc062723c751e8b465ee728b)
Start importing Assets/Tree_Textures/diffuse.png using Guid(04ea0e224badf0743a03e8f7d0fd8e92) Importer(815301076,1909f56bfc062723c751e8b465ee728b)  -> (artifact id: '2c0b2a2b61a07698636678079af1d187') in 0.474133 seconds
  Import took 0.476950 seconds .

========================================================================
Received Import Request.
  Time since last request: 0.000130 seconds.
  path: Assets/Tree_Textures/shadow.png
  artifactKey: Guid(1d135cf93706dc14088575c773a43418) Importer(815301076,1909f56bfc062723c751e8b465ee728b)
Start importing Assets/Tree_Textures/shadow.png using Guid(1d135cf93706dc14088575c773a43418) Importer(815301076,1909f56bfc062723c751e8b465ee728b)  -> (artifact id: '5cc6bc7424657f372e211f0bec14f777') in 0.049291 seconds
  Import took 0.051385 seconds .

========================================================================
Received Import Request.
  Time since last request: 0.000187 seconds.
  path: Assets/Tree_Textures/translucency_gloss.png
  artifactKey: Guid(0a8d98a8fad58f74bb958b87d959f916) Importer(815301076,1909f56bfc062723c751e8b465ee728b)
Start importing Assets/Tree_Textures/translucency_gloss.png using Guid(0a8d98a8fad58f74bb958b87d959f916) Importer(815301076,1909f56bfc062723c751e8b465ee728b)  -> (artifact id: '3fc1e243e37f1f6142a13bcf71c54332') in 0.055734 seconds
  Import took 0.057838 seconds .

========================================================================
Received Import Request.
  Time since last request: 0.000141 seconds.
  path: Assets/Tree_Textures/normal_specular.png
  artifactKey: Guid(46eec66e3c411d1448f6fb2d734352a0) Importer(815301076,1909f56bfc062723c751e8b465ee728b)
Start importing Assets/Tree_Textures/normal_specular.png using Guid(46eec66e3c411d1448f6fb2d734352a0) Importer(815301076,1909f56bfc062723c751e8b465ee728b)  -> (artifact id: '4edfc3256530ed8a61d9a4f5b4091151') in 0.030285 seconds
  Import took 0.032391 seconds .

========================================================================
Received Prepare
Registering precompiled user dll's ...
Registered in 0.001850 seconds.
Begin MonoManager ReloadAssembly
Native extension for Lumin target not found
Native extension for WindowsStandalone target not found
Native extension for WebGL target not found
Refreshing native plugins compatible for Editor in 0.32 ms, found 2 plugins.
Preloading 0 native plugins for Editor in 0.00 ms.
Mono: successfully reloaded assembly
- Completed reload, in  0.767 seconds
Platform modules already initialized, skipping
Refreshing native plugins compatible for Editor in 0.33 ms, found 2 plugins.
Preloading 0 native plugins for Editor in 0.00 ms.
Unloading 1601 Unused Serialized files (Serialized files now loaded: 0)
System memory in use before: 86.9 MB.
System memory in use after: 86.9 MB.

Unloading 15 unused Assets to reduce memory usage. Loaded Objects now: 2114.
Total: 1.652600 ms (FindLiveObjects: 0.141900 ms CreateObjectMapping: 0.049900 ms MarkObjects: 1.409400 ms  DeleteObjects: 0.050600 ms)

========================================================================
Received Prepare
Registering precompiled user dll's ...
Registered in 0.001908 seconds.
Begin MonoManager ReloadAssembly
Native extension for Lumin target not found
Native extension for WindowsStandalone target not found
Native extension for WebGL target not found
Refreshing native plugins compatible for Editor in 0.32 ms, found 2 plugins.
Preloading 0 native plugins for Editor in 0.00 ms.
Mono: successfully reloaded assembly
- Completed reload, in  0.887 seconds
Platform modules already initialized, skipping
Refreshing native plugins compatible for Editor in 0.34 ms, found 2 plugins.
Preloading 0 native plugins for Editor in 0.00 ms.
Unloading 1602 Unused Serialized files (Serialized files now loaded: 0)
System memory in use before: 86.9 MB.
System memory in use after: 87.0 MB.

Unloading 15 unused Assets to reduce memory usage. Loaded Objects now: 2118.
Total: 1.838600 ms (FindLiveObjects: 0.149700 ms CreateObjectMapping: 0.051400 ms MarkObjects: 1.578300 ms  DeleteObjects: 0.058300 ms)

========================================================================
Received Import Request.
  Time since last request: 196.060288 seconds.
  path: Assets/Scripts/EnemyTankEasy.cs
  artifactKey: Guid(f1a41254ba887514d81ed3ce9d26720c) Importer(815301076,1909f56bfc062723c751e8b465ee728b)
Start importing Assets/Scripts/EnemyTankEasy.cs using Guid(f1a41254ba887514d81ed3ce9d26720c) Importer(815301076,1909f56bfc062723c751e8b465ee728b)  -> (artifact id: '5f1bcd8ed3fdb1372b711daf1b61c6d1') in 0.007713 seconds
  Import took 0.010123 seconds .

========================================================================
Received Import Request.
  Time since last request: 77.665258 seconds.
  path: Assets/Prefabs/Cube.prefab
  artifactKey: Guid(9a13a81faf5cd1644b21e5c1cd94b67b) Importer(815301076,1909f56bfc062723c751e8b465ee728b)
Start importing Assets/Prefabs/Cube.prefab using Guid(9a13a81faf5cd1644b21e5c1cd94b67b) Importer(815301076,1909f56bfc062723c751e8b465ee728b)  -> (artifact id: 'f644503cd05b484d1d7f67822906c0c6') in 0.232219 seconds
  Import took 0.234816 seconds .

========================================================================
Received Import Request.
  Time since last request: 0.000229 seconds.
  path: Assets/Prefabs/EnemyTank.prefab
  artifactKey: Guid(462ee559a41cfbc46942f89d49ed3d4d) Importer(815301076,1909f56bfc062723c751e8b465ee728b)
Start importing Assets/Prefabs/EnemyTank.prefab using Guid(462ee559a41cfbc46942f89d49ed3d4d) Importer(815301076,1909f56bfc062723c751e8b465ee728b)  -> (artifact id: '897a14e003bfb59d76c60ad4c4fab929') in 0.086098 seconds
  Import took 0.088435 seconds .

========================================================================
Received Import Request.
  Time since last request: 35.411524 seconds.
  path: Assets/Prefabs/FakeZombie.prefab
  artifactKey: Guid(a93c298e040ab3a49950558ae7acdb54) Importer(815301076,1909f56bfc062723c751e8b465ee728b)
Start importing Assets/Prefabs/FakeZombie.prefab using Guid(a93c298e040ab3a49950558ae7acdb54) Importer(815301076,1909f56bfc062723c751e8b465ee728b)  -> (artifact id: 'eda3f0f06f406105ea8e5bb9283c3acb') in 0.014909 seconds
  Import took 0.017631 seconds .

========================================================================
Received Import Request.
  Time since last request: 48.782707 seconds.
  path: Assets/Prefabs/ReloadStation.prefab
  artifactKey: Guid(3e2de5cf7ee3fc141a2b3f6a03a6e1fd) Importer(815301076,1909f56bfc062723c751e8b465ee728b)
Start importing Assets/Prefabs/ReloadStation.prefab using Guid(3e2de5cf7ee3fc141a2b3f6a03a6e1fd) Importer(815301076,1909f56bfc062723c751e8b465ee728b)  -> (artifact id: '32909382ac977a120edd04b9b59a9fd5') in 0.013711 seconds
  Import took 0.016593 seconds .

========================================================================
Received Import Request.
  Time since last request: 18.118464 seconds.
  path: Assets/Prefabs/CoinPower.prefab
  artifactKey: Guid(47736051ad3ee24418929b86e59cc754) Importer(815301076,1909f56bfc062723c751e8b465ee728b)
Start importing Assets/Prefabs/CoinPower.prefab using Guid(47736051ad3ee24418929b86e59cc754) Importer(815301076,1909f56bfc062723c751e8b465ee728b)  -> (artifact id: '07dd70d87bde5199a22001b56a765ca0') in 0.018910 seconds
  Import took 0.021620 seconds .

========================================================================
Received Prepare
Registering precompiled user dll's ...
Registered in 0.002021 seconds.
Begin MonoManager ReloadAssembly
Native extension for Lumin target not found
Native extension for WindowsStandalone target not found
Native extension for WebGL target not found
Refreshing native plugins compatible for Editor in 0.31 ms, found 2 plugins.
Preloading 0 native plugins for Editor in 0.00 ms.
Mono: successfully reloaded assembly
- Completed reload, in  0.818 seconds
Platform modules already initialized, skipping
Refreshing native plugins compatible for Editor in 0.32 ms, found 2 plugins.
Preloading 0 native plugins for Editor in 0.00 ms.
Unloading 1602 Unused Serialized files (Serialized files now loaded: 0)
System memory in use before: 90.1 MB.
System memory in use after: 90.1 MB.

Unloading 18 unused Assets to reduce memory usage. Loaded Objects now: 2130.
Total: 1.710200 ms (FindLiveObjects: 0.169800 ms CreateObjectMapping: 0.053600 ms MarkObjects: 1.402700 ms  DeleteObjects: 0.083400 ms)

========================================================================
Received Import Request.
  Time since last request: 921.135546 seconds.
  path: Assets/Prefabs/Bullets
  artifactKey: Guid(aaebbefc4a194c5439d98bb437e4bdba) Importer(815301076,1909f56bfc062723c751e8b465ee728b)
Start importing Assets/Prefabs/Bullets using Guid(aaebbefc4a194c5439d98bb437e4bdba) Importer(815301076,1909f56bfc062723c751e8b465ee728b)  -> (artifact id: 'f334c40525ee1a24db045e2709b079c3') in 0.008770 seconds
  Import took 0.011238 seconds .

========================================================================
Received Import Request.
  Time since last request: 19.733145 seconds.
  path: Assets/Prefabs/EnemiesTypes
  artifactKey: Guid(a7cc3fb1e1d006c4abe79c50d235b332) Importer(815301076,1909f56bfc062723c751e8b465ee728b)
Start importing Assets/Prefabs/EnemiesTypes using Guid(a7cc3fb1e1d006c4abe79c50d235b332) Importer(815301076,1909f56bfc062723c751e8b465ee728b)  -> (artifact id: '5f3c0c7102eea7f86e6b099eafbb825a') in 0.006782 seconds
  Import took 0.009528 seconds .

========================================================================
Received Import Request.
  Time since last request: 0.000765 seconds.
  path: Assets/Prefabs/EnemiesTypes
  artifactKey: Guid(a7cc3fb1e1d006c4abe79c50d235b332) Importer(815301076,1909f56bfc062723c751e8b465ee728b)
Start importing Assets/Prefabs/EnemiesTypes using Guid(a7cc3fb1e1d006c4abe79c50d235b332) Importer(815301076,1909f56bfc062723c751e8b465ee728b)  -> (artifact id: '5f3c0c7102eea7f86e6b099eafbb825a') in 0.002071 seconds
  Import took 0.004734 seconds .

========================================================================
Received Import Request.
  Time since last request: 34.997681 seconds.
  path: Assets/Prefabs/Obstacles
  artifactKey: Guid(ce91577706a465c4f96a1c0de59ecaf5) Importer(815301076,1909f56bfc062723c751e8b465ee728b)
Start importing Assets/Prefabs/Obstacles using Guid(ce91577706a465c4f96a1c0de59ecaf5) Importer(815301076,1909f56bfc062723c751e8b465ee728b)  -> (artifact id: '8f4545cdf20737974fc3bc9405a09bea') in 0.006822 seconds
  Import took 0.009418 seconds .

========================================================================
Received Import Request.
  Time since last request: 30.625289 seconds.
  path: Assets/Prefabs/Coins
  artifactKey: Guid(62560c50bf531d94bb48a6dcbcd146ac) Importer(815301076,1909f56bfc062723c751e8b465ee728b)
Start importing Assets/Prefabs/Coins using Guid(62560c50bf531d94bb48a6dcbcd146ac) Importer(815301076,1909f56bfc062723c751e8b465ee728b)  -> (artifact id: '86dbb7c3ef85c7de72494ffb3ec89d98') in 0.006011 seconds
  Import took 0.008470 seconds .

========================================================================
Received Import Request.
  Time since last request: 0.000423 seconds.
  path: Assets/Prefabs/Coins
  artifactKey: Guid(62560c50bf531d94bb48a6dcbcd146ac) Importer(815301076,1909f56bfc062723c751e8b465ee728b)
Start importing Assets/Prefabs/Coins using Guid(62560c50bf531d94bb48a6dcbcd146ac) Importer(815301076,1909f56bfc062723c751e8b465ee728b)  -> (artifact id: '86dbb7c3ef85c7de72494ffb3ec89d98') in 0.001712 seconds
  Import took 0.004373 seconds .

========================================================================
Received Import Request.
  Time since last request: 31.180033 seconds.
  path: Assets/Prefabs/UIs
  artifactKey: Guid(d23a32d4e36c2cb48961eb49fcb75783) Importer(815301076,1909f56bfc062723c751e8b465ee728b)
Start importing Assets/Prefabs/UIs using Guid(d23a32d4e36c2cb48961eb49fcb75783) Importer(815301076,1909f56bfc062723c751e8b465ee728b)  -> (artifact id: 'f1098131ad9a578d4333c234b796a139') in 0.006464 seconds
  Import took 0.009189 seconds .

========================================================================
Received Import Request.
  Time since last request: 17.297430 seconds.
  path: Assets/Prefabs/Player
  artifactKey: Guid(a8e784c8bb8d1c247b2304eea9e0f9af) Importer(815301076,1909f56bfc062723c751e8b465ee728b)
Start importing Assets/Prefabs/Player using Guid(a8e784c8bb8d1c247b2304eea9e0f9af) Importer(815301076,1909f56bfc062723c751e8b465ee728b)  -> (artifact id: '02a89eb52a7ae0a13ab17b5373978723') in 0.006688 seconds
  Import took 0.009797 seconds .

========================================================================
Received Import Request.
  Time since last request: 42.445639 seconds.
  path: Assets/Prefabs/ReloadStation
  artifactKey: Guid(1e65dd5c02a9a194a97eaa5987ec4291) Importer(815301076,1909f56bfc062723c751e8b465ee728b)
Start importing Assets/Prefabs/ReloadStation using Guid(1e65dd5c02a9a194a97eaa5987ec4291) Importer(815301076,1909f56bfc062723c751e8b465ee728b)  -> (artifact id: 'ccc0e0d0e3ce33bfb8c0d17b1a32a6ce') in 0.002109 seconds
  Import took 0.004586 seconds .

========================================================================
Received Import Request.
  Time since last request: 19.289715 seconds.
  path: Assets/Prefabs/Stuff
  artifactKey: Guid(42b5788b0c3e3e247ae17db4c82315f0) Importer(815301076,1909f56bfc062723c751e8b465ee728b)
Start importing Assets/Prefabs/Stuff using Guid(42b5788b0c3e3e247ae17db4c82315f0) Importer(815301076,1909f56bfc062723c751e8b465ee728b)  -> (artifact id: '7c3e585ba75c37da9bd837b7f0a2f953') in 0.006267 seconds
  Import took 0.008934 seconds .

========================================================================
Received Import Request.
  Time since last request: 0.000749 seconds.
  path: Assets/Prefabs/Stuff
  artifactKey: Guid(42b5788b0c3e3e247ae17db4c82315f0) Importer(815301076,1909f56bfc062723c751e8b465ee728b)
Start importing Assets/Prefabs/Stuff using Guid(42b5788b0c3e3e247ae17db4c82315f0) Importer(815301076,1909f56bfc062723c751e8b465ee728b)  -> (artifact id: '7c3e585ba75c37da9bd837b7f0a2f953') in 0.001839 seconds
  Import took 0.004158 seconds .

========================================================================
Received Import Request.
  Time since last request: 243.040369 seconds.
  path: Assets/Prefabs/EnemiesTypes/EnemyTankLevels
  artifactKey: Guid(69e2a08676d74e2449546542dc518075) Importer(815301076,1909f56bfc062723c751e8b465ee728b)
Start importing Assets/Prefabs/EnemiesTypes/EnemyTankLevels using Guid(69e2a08676d74e2449546542dc518075) Importer(815301076,1909f56bfc062723c751e8b465ee728b)  -> (artifact id: 'af8f338e502fbdc4d6737ec329d44bad') in 0.007144 seconds
  Import took 0.010134 seconds .

========================================================================
Received Import Request.
  Time since last request: 34.719127 seconds.
  path: Assets/Prefabs/EnemiesTypes/EnemyTankLevels/EasyEnemyTank.asset
  artifactKey: Guid(248ae9d55c87eea4c93f7f4ff65ab1d2) Importer(815301076,1909f56bfc062723c751e8b465ee728b)
Start importing Assets/Prefabs/EnemiesTypes/EnemyTankLevels/EasyEnemyTank.asset using Guid(248ae9d55c87eea4c93f7f4ff65ab1d2) Importer(815301076,1909f56bfc062723c751e8b465ee728b)  -> (artifact id: '15dbcb8176d96218d366100de3c87eba') in 0.019928 seconds
  Import took 0.023002 seconds .

========================================================================
Received Import Request.
  Time since last request: 0.001171 seconds.
  path: Assets/Prefabs/EnemiesTypes/EnemyTankLevels/EasyEnemyTank.asset
  artifactKey: Guid(248ae9d55c87eea4c93f7f4ff65ab1d2) Importer(815301076,1909f56bfc062723c751e8b465ee728b)
Start importing Assets/Prefabs/EnemiesTypes/EnemyTankLevels/EasyEnemyTank.asset using Guid(248ae9d55c87eea4c93f7f4ff65ab1d2) Importer(815301076,1909f56bfc062723c751e8b465ee728b)  -> (artifact id: '15dbcb8176d96218d366100de3c87eba') in 0.002561 seconds
  Import took 0.005278 seconds .

========================================================================
Received Prepare
Registering precompiled user dll's ...
Registered in 0.002197 seconds.
Begin MonoManager ReloadAssembly
Native extension for Lumin target not found
Native extension for WindowsStandalone target not found
Native extension for WebGL target not found
Refreshing native plugins compatible for Editor in 0.30 ms, found 2 plugins.
Preloading 0 native plugins for Editor in 0.00 ms.
Mono: successfully reloaded assembly
- Completed reload, in  0.795 seconds
Platform modules already initialized, skipping
Refreshing native plugins compatible for Editor in 0.36 ms, found 2 plugins.
Preloading 0 native plugins for Editor in 0.00 ms.
Unloading 1602 Unused Serialized files (Serialized files now loaded: 0)
System memory in use before: 90.1 MB.
System memory in use after: 90.1 MB.

Unloading 15 unused Assets to reduce memory usage. Loaded Objects now: 2133.
Total: 1.680800 ms (FindLiveObjects: 0.145700 ms CreateObjectMapping: 0.048900 ms MarkObjects: 1.430300 ms  DeleteObjects: 0.055100 ms)

========================================================================
Received Prepare
Registering precompiled user dll's ...
Registered in 0.002491 seconds.
Begin MonoManager ReloadAssembly
Native extension for Lumin target not found
Native extension for WindowsStandalone target not found
Native extension for WebGL target not found
Refreshing native plugins compatible for Editor in 0.34 ms, found 2 plugins.
Preloading 0 native plugins for Editor in 0.00 ms.
Mono: successfully reloaded assembly
- Completed reload, in  0.840 seconds
Platform modules already initialized, skipping
Refreshing native plugins compatible for Editor in 0.31 ms, found 2 plugins.
Preloading 0 native plugins for Editor in 0.00 ms.
Unloading 1602 Unused Serialized files (Serialized files now loaded: 0)
System memory in use before: 90.1 MB.
System memory in use after: 90.2 MB.

Unloading 15 unused Assets to reduce memory usage. Loaded Objects now: 2136.
Total: 1.703100 ms (FindLiveObjects: 0.163200 ms CreateObjectMapping: 0.053900 ms MarkObjects: 1.426800 ms  DeleteObjects: 0.058300 ms)

========================================================================
Received Import Request.
  Time since last request: 1467.925727 seconds.
  path: Assets/Prefabs/EnemiesTypes/EnemyTankLevels/Medium.asset
  artifactKey: Guid(9818a22b1f2f9f148a76f5e248ef1254) Importer(815301076,1909f56bfc062723c751e8b465ee728b)
Start importing Assets/Prefabs/EnemiesTypes/EnemyTankLevels/Medium.asset using Guid(9818a22b1f2f9f148a76f5e248ef1254) Importer(815301076,1909f56bfc062723c751e8b465ee728b)  -> (artifact id: '5a7627e7e80faff2995d09712e89a39e') in 0.025258 seconds
  Import took 0.028286 seconds .

========================================================================
Received Import Request.
  Time since last request: 75.788027 seconds.
  path: Assets/Scripts/EnemyTankEasy.cs
  artifactKey: Guid(f1a41254ba887514d81ed3ce9d26720c) Importer(815301076,1909f56bfc062723c751e8b465ee728b)
Start importing Assets/Scripts/EnemyTankEasy.cs using Guid(f1a41254ba887514d81ed3ce9d26720c) Importer(815301076,1909f56bfc062723c751e8b465ee728b)  -> (artifact id: '65733690e72cba2e4bf29805136522de') in 0.002278 seconds
  Import took 0.005644 seconds .

========================================================================
Received Import Request.
  Time since last request: 32.247455 seconds.
  path: Assets/Scripts/EnemyTankEasy.cs
  artifactKey: Guid(f1a41254ba887514d81ed3ce9d26720c) Importer(815301076,1909f56bfc062723c751e8b465ee728b)
Start importing Assets/Scripts/EnemyTankEasy.cs using Guid(f1a41254ba887514d81ed3ce9d26720c) Importer(815301076,1909f56bfc062723c751e8b465ee728b)  -> (artifact id: 'bd171e8ef150a41d881fa1d7cbc3e122') in 0.002980 seconds
  Import took 0.008136 seconds .

========================================================================
Received Prepare
Registering precompiled user dll's ...
Registered in 0.001888 seconds.
Begin MonoManager ReloadAssembly
Native extension for Lumin target not found
Native extension for WindowsStandalone target not found
Native extension for WebGL target not found
Refreshing native plugins compatible for Editor in 0.30 ms, found 2 plugins.
Preloading 0 native plugins for Editor in 0.00 ms.
Mono: successfully reloaded assembly
- Completed reload, in  0.787 seconds
Platform modules already initialized, skipping
Refreshing native plugins compatible for Editor in 0.31 ms, found 2 plugins.
Preloading 0 native plugins for Editor in 0.00 ms.
Unloading 1602 Unused Serialized files (Serialized files now loaded: 0)
System memory in use before: 90.1 MB.
System memory in use after: 90.2 MB.

Unloading 15 unused Assets to reduce memory usage. Loaded Objects now: 2139.
Total: 1.693700 ms (FindLiveObjects: 0.151300 ms CreateObjectMapping: 0.050500 ms MarkObjects: 1.432000 ms  DeleteObjects: 0.059200 ms)

========================================================================
Received Prepare
Registering precompiled user dll's ...
Registered in 0.002194 seconds.
Begin MonoManager ReloadAssembly
Native extension for Lumin target not found
Native extension for WindowsStandalone target not found
Native extension for WebGL target not found
Refreshing native plugins compatible for Editor in 0.31 ms, found 2 plugins.
Preloading 0 native plugins for Editor in 0.00 ms.
Mono: successfully reloaded assembly
- Completed reload, in  0.775 seconds
Platform modules already initialized, skipping
Refreshing native plugins compatible for Editor in 0.32 ms, found 2 plugins.
Preloading 0 native plugins for Editor in 0.00 ms.
Unloading 1602 Unused Serialized files (Serialized files now loaded: 0)
System memory in use before: 90.1 MB.
System memory in use after: 90.2 MB.

Unloading 15 unused Assets to reduce memory usage. Loaded Objects now: 2142.
Total: 1.761400 ms (FindLiveObjects: 0.143800 ms CreateObjectMapping: 0.049300 ms MarkObjects: 1.511400 ms  DeleteObjects: 0.056200 ms)

========================================================================
Received Prepare
Registering precompiled user dll's ...
Registered in 0.001784 seconds.
Begin MonoManager ReloadAssembly
Native extension for Lumin target not found
Native extension for WindowsStandalone target not found
Native extension for WebGL target not found
Refreshing native plugins compatible for Editor in 0.31 ms, found 2 plugins.
Preloading 0 native plugins for Editor in 0.00 ms.
Mono: successfully reloaded assembly
- Completed reload, in  0.792 seconds
Platform modules already initialized, skipping
Refreshing native plugins compatible for Editor in 0.32 ms, found 2 plugins.
Preloading 0 native plugins for Editor in 0.00 ms.
Unloading 1602 Unused Serialized files (Serialized files now loaded: 0)
System memory in use before: 90.1 MB.
System memory in use after: 90.2 MB.

Unloading 15 unused Assets to reduce memory usage. Loaded Objects now: 2145.
Total: 1.768700 ms (FindLiveObjects: 0.143500 ms CreateObjectMapping: 0.045800 ms MarkObjects: 1.522000 ms  DeleteObjects: 0.056700 ms)

========================================================================
Received Prepare
Registering precompiled user dll's ...
Registered in 0.002479 seconds.
Begin MonoManager ReloadAssembly
Native extension for Lumin target not found
Native extension for WindowsStandalone target not found
Native extension for WebGL target not found
Refreshing native plugins compatible for Editor in 0.34 ms, found 2 plugins.
Preloading 0 native plugins for Editor in 0.00 ms.
Mono: successfully reloaded assembly
- Completed reload, in  0.786 seconds
Platform modules already initialized, skipping
Refreshing native plugins compatible for Editor in 0.33 ms, found 2 plugins.
Preloading 0 native plugins for Editor in 0.00 ms.
Unloading 1602 Unused Serialized files (Serialized files now loaded: 0)
System memory in use before: 90.1 MB.
System memory in use after: 90.2 MB.

Unloading 15 unused Assets to reduce memory usage. Loaded Objects now: 2148.
Total: 1.743700 ms (FindLiveObjects: 0.186000 ms CreateObjectMapping: 0.056500 ms MarkObjects: 1.445500 ms  DeleteObjects: 0.054900 ms)

========================================================================
Received Prepare
Registering precompiled user dll's ...
Registered in 0.001930 seconds.
Begin MonoManager ReloadAssembly
Native extension for Lumin target not found
Native extension for WindowsStandalone target not found
Native extension for WebGL target not found
Refreshing native plugins compatible for Editor in 0.31 ms, found 2 plugins.
Preloading 0 native plugins for Editor in 0.00 ms.
Mono: successfully reloaded assembly
- Completed reload, in  0.786 seconds
Platform modules already initialized, skipping
Refreshing native plugins compatible for Editor in 0.31 ms, found 2 plugins.
Preloading 0 native plugins for Editor in 0.00 ms.
Unloading 1602 Unused Serialized files (Serialized files now loaded: 0)
System memory in use before: 90.1 MB.
System memory in use after: 90.2 MB.

Unloading 15 unused Assets to reduce memory usage. Loaded Objects now: 2151.
Total: 1.874500 ms (FindLiveObjects: 0.170900 ms CreateObjectMapping: 0.044100 ms MarkObjects: 1.602700 ms  DeleteObjects: 0.056000 ms)

========================================================================
Received Prepare
Registering precompiled user dll's ...
Registered in 0.001981 seconds.
Begin MonoManager ReloadAssembly
Native extension for Lumin target not found
Native extension for WindowsStandalone target not found
Native extension for WebGL target not found
Refreshing native plugins compatible for Editor in 0.30 ms, found 2 plugins.
Preloading 0 native plugins for Editor in 0.00 ms.
Mono: successfully reloaded assembly
- Completed reload, in  0.778 seconds
Platform modules already initialized, skipping
Refreshing native plugins compatible for Editor in 0.34 ms, found 2 plugins.
Preloading 0 native plugins for Editor in 0.00 ms.
Unloading 1602 Unused Serialized files (Serialized files now loaded: 0)
System memory in use before: 90.1 MB.
System memory in use after: 90.2 MB.

Unloading 15 unused Assets to reduce memory usage. Loaded Objects now: 2154.
Total: 1.664400 ms (FindLiveObjects: 0.162700 ms CreateObjectMapping: 0.049800 ms MarkObjects: 1.398300 ms  DeleteObjects: 0.052900 ms)

========================================================================
Received Import Request.
  Time since last request: 610.035296 seconds.
  path: Assets/Scripts/EnemyTankEasy.cs
  artifactKey: Guid(f1a41254ba887514d81ed3ce9d26720c) Importer(815301076,1909f56bfc062723c751e8b465ee728b)
Start importing Assets/Scripts/EnemyTankEasy.cs using Guid(f1a41254ba887514d81ed3ce9d26720c) Importer(815301076,1909f56bfc062723c751e8b465ee728b)  -> (artifact id: '3f8b91930bd8d08b61832be293c1cdf6') in 0.003240 seconds
  Import took 0.005401 seconds .

========================================================================
Received Prepare
Registering precompiled user dll's ...
Registered in 0.001795 seconds.
Begin MonoManager ReloadAssembly
Native extension for Lumin target not found
Native extension for WindowsStandalone target not found
Native extension for WebGL target not found
Refreshing native plugins compatible for Editor in 0.31 ms, found 2 plugins.
Preloading 0 native plugins for Editor in 0.00 ms.
Mono: successfully reloaded assembly
- Completed reload, in  0.788 seconds
Platform modules already initialized, skipping
Refreshing native plugins compatible for Editor in 0.31 ms, found 2 plugins.
Preloading 0 native plugins for Editor in 0.00 ms.
Unloading 1602 Unused Serialized files (Serialized files now loaded: 0)
System memory in use before: 90.1 MB.
System memory in use after: 90.2 MB.

Unloading 15 unused Assets to reduce memory usage. Loaded Objects now: 2157.
Total: 1.665100 ms (FindLiveObjects: 0.156300 ms CreateObjectMapping: 0.051700 ms MarkObjects: 1.399200 ms  DeleteObjects: 0.057100 ms)

========================================================================
Received Prepare
Registering precompiled user dll's ...
Registered in 0.001798 seconds.
Begin MonoManager ReloadAssembly
Native extension for Lumin target not found
Native extension for WindowsStandalone target not found
Native extension for WebGL target not found
Refreshing native plugins compatible for Editor in 0.31 ms, found 2 plugins.
Preloading 0 native plugins for Editor in 0.00 ms.
Mono: successfully reloaded assembly
- Completed reload, in  0.809 seconds
Platform modules already initialized, skipping
Refreshing native plugins compatible for Editor in 0.36 ms, found 2 plugins.
Preloading 0 native plugins for Editor in 0.00 ms.
Unloading 1602 Unused Serialized files (Serialized files now loaded: 0)
System memory in use before: 90.1 MB.
System memory in use after: 90.2 MB.

Unloading 15 unused Assets to reduce memory usage. Loaded Objects now: 2160.
Total: 1.819100 ms (FindLiveObjects: 0.158500 ms CreateObjectMapping: 0.049100 ms MarkObjects: 1.557700 ms  DeleteObjects: 0.052800 ms)

========================================================================
Received Prepare
Registering precompiled user dll's ...
Registered in 0.001848 seconds.
Begin MonoManager ReloadAssembly
Native extension for Lumin target not found
Native extension for WindowsStandalone target not found
Native extension for WebGL target not found
Refreshing native plugins compatible for Editor in 0.31 ms, found 2 plugins.
Preloading 0 native plugins for Editor in 0.00 ms.
Mono: successfully reloaded assembly
- Completed reload, in  0.757 seconds
Platform modules already initialized, skipping
Refreshing native plugins compatible for Editor in 0.32 ms, found 2 plugins.
Preloading 0 native plugins for Editor in 0.00 ms.
Unloading 1602 Unused Serialized files (Serialized files now loaded: 0)
System memory in use before: 90.1 MB.
System memory in use after: 90.2 MB.

Unloading 15 unused Assets to reduce memory usage. Loaded Objects now: 2163.
Total: 1.619600 ms (FindLiveObjects: 0.150800 ms CreateObjectMapping: 0.051300 ms MarkObjects: 1.365900 ms  DeleteObjects: 0.050800 ms)

========================================================================
Received Prepare
Registering precompiled user dll's ...
Registered in 0.001778 seconds.
Begin MonoManager ReloadAssembly
Native extension for Lumin target not found
Native extension for WindowsStandalone target not found
Native extension for WebGL target not found
Refreshing native plugins compatible for Editor in 0.55 ms, found 2 plugins.
Preloading 0 native plugins for Editor in 0.00 ms.
Mono: successfully reloaded assembly
- Completed reload, in  0.825 seconds
Platform modules already initialized, skipping
Refreshing native plugins compatible for Editor in 0.36 ms, found 2 plugins.
Preloading 0 native plugins for Editor in 0.00 ms.
Unloading 1602 Unused Serialized files (Serialized files now loaded: 0)
System memory in use before: 90.1 MB.
System memory in use after: 90.2 MB.

Unloading 15 unused Assets to reduce memory usage. Loaded Objects now: 2166.
Total: 1.871200 ms (FindLiveObjects: 0.174100 ms CreateObjectMapping: 0.053900 ms MarkObjects: 1.581100 ms  DeleteObjects: 0.061000 ms)

========================================================================
Received Prepare
Registering precompiled user dll's ...
Registered in 0.002832 seconds.
Begin MonoManager ReloadAssembly
Native extension for Lumin target not found
Native extension for WindowsStandalone target not found
Native extension for WebGL target not found
Refreshing native plugins compatible for Editor in 0.31 ms, found 2 plugins.
Preloading 0 native plugins for Editor in 0.00 ms.
Mono: successfully reloaded assembly
- Completed reload, in  0.806 seconds
Platform modules already initialized, skipping
Refreshing native plugins compatible for Editor in 0.31 ms, found 2 plugins.
Preloading 0 native plugins for Editor in 0.00 ms.
Unloading 1602 Unused Serialized files (Serialized files now loaded: 0)
System memory in use before: 90.1 MB.
System memory in use after: 90.2 MB.

Unloading 15 unused Assets to reduce memory usage. Loaded Objects now: 2169.
Total: 1.635900 ms (FindLiveObjects: 0.149600 ms CreateObjectMapping: 0.048400 ms MarkObjects: 1.383700 ms  DeleteObjects: 0.053300 ms)

========================================================================
Received Prepare
Registering precompiled user dll's ...
Registered in 0.001695 seconds.
Begin MonoManager ReloadAssembly
Native extension for Lumin target not found
Native extension for WindowsStandalone target not found
Native extension for WebGL target not found
Refreshing native plugins compatible for Editor in 0.43 ms, found 2 plugins.
Preloading 0 native plugins for Editor in 0.00 ms.
Mono: successfully reloaded assembly
- Completed reload, in  0.933 seconds
Platform modules already initialized, skipping
Refreshing native plugins compatible for Editor in 0.32 ms, found 2 plugins.
Preloading 0 native plugins for Editor in 0.00 ms.
Unloading 1602 Unused Serialized files (Serialized files now loaded: 0)
System memory in use before: 90.1 MB.
System memory in use after: 90.2 MB.

Unloading 15 unused Assets to reduce memory usage. Loaded Objects now: 2172.
Total: 1.696600 ms (FindLiveObjects: 0.164300 ms CreateObjectMapping: 0.050400 ms MarkObjects: 1.427200 ms  DeleteObjects: 0.053900 ms)

========================================================================
Received Prepare
Registering precompiled user dll's ...
Registered in 0.001837 seconds.
Begin MonoManager ReloadAssembly
Native extension for Lumin target not found
Native extension for WindowsStandalone target not found
Native extension for WebGL target not found
Refreshing native plugins compatible for Editor in 0.30 ms, found 2 plugins.
Preloading 0 native plugins for Editor in 0.00 ms.
Mono: successfully reloaded assembly
- Completed reload, in  0.806 seconds
Platform modules already initialized, skipping
Refreshing native plugins compatible for Editor in 0.33 ms, found 2 plugins.
Preloading 0 native plugins for Editor in 0.00 ms.
Unloading 1602 Unused Serialized files (Serialized files now loaded: 0)
System memory in use before: 90.1 MB.
System memory in use after: 90.2 MB.

Unloading 15 unused Assets to reduce memory usage. Loaded Objects now: 2175.
Total: 1.669100 ms (FindLiveObjects: 0.151600 ms CreateObjectMapping: 0.049800 ms MarkObjects: 1.410200 ms  DeleteObjects: 0.056600 ms)

========================================================================
Received Prepare
Registering precompiled user dll's ...
Registered in 0.001814 seconds.
Begin MonoManager ReloadAssembly
Native extension for Lumin target not found
Native extension for WindowsStandalone target not found
Native extension for WebGL target not found
Refreshing native plugins compatible for Editor in 0.38 ms, found 2 plugins.
Preloading 0 native plugins for Editor in 0.00 ms.
Mono: successfully reloaded assembly
- Completed reload, in  0.778 seconds
Platform modules already initialized, skipping
Refreshing native plugins compatible for Editor in 0.31 ms, found 2 plugins.
Preloading 0 native plugins for Editor in 0.00 ms.
Unloading 1602 Unused Serialized files (Serialized files now loaded: 0)
System memory in use before: 90.1 MB.
System memory in use after: 90.2 MB.

Unloading 15 unused Assets to reduce memory usage. Loaded Objects now: 2178.
Total: 1.618400 ms (FindLiveObjects: 0.149200 ms CreateObjectMapping: 0.050600 ms MarkObjects: 1.364600 ms  DeleteObjects: 0.053200 ms)

========================================================================
Received Prepare
Registering precompiled user dll's ...
Registered in 0.001822 seconds.
Begin MonoManager ReloadAssembly
Native extension for Lumin target not found
Native extension for WindowsStandalone target not found
Native extension for WebGL target not found
Refreshing native plugins compatible for Editor in 0.35 ms, found 2 plugins.
Preloading 0 native plugins for Editor in 0.00 ms.
Mono: successfully reloaded assembly
- Completed reload, in  0.870 seconds
Platform modules already initialized, skipping
Refreshing native plugins compatible for Editor in 0.47 ms, found 2 plugins.
Preloading 0 native plugins for Editor in 0.00 ms.
Unloading 1602 Unused Serialized files (Serialized files now loaded: 0)
System memory in use before: 90.2 MB.
System memory in use after: 90.2 MB.

Unloading 15 unused Assets to reduce memory usage. Loaded Objects now: 2181.
Total: 2.004700 ms (FindLiveObjects: 0.236600 ms CreateObjectMapping: 0.045500 ms MarkObjects: 1.633600 ms  DeleteObjects: 0.088200 ms)

========================================================================
Received Prepare
Registering precompiled user dll's ...
Registered in 0.001793 seconds.
Begin MonoManager ReloadAssembly
Native extension for Lumin target not found
Native extension for WindowsStandalone target not found
Native extension for WebGL target not found
Refreshing native plugins compatible for Editor in 0.31 ms, found 2 plugins.
Preloading 0 native plugins for Editor in 0.00 ms.
Mono: successfully reloaded assembly
- Completed reload, in  0.881 seconds
Platform modules already initialized, skipping
Refreshing native plugins compatible for Editor in 0.31 ms, found 2 plugins.
Preloading 0 native plugins for Editor in 0.00 ms.
Unloading 1602 Unused Serialized files (Serialized files now loaded: 0)
System memory in use before: 90.2 MB.
System memory in use after: 90.2 MB.

Unloading 15 unused Assets to reduce memory usage. Loaded Objects now: 2184.
Total: 1.650600 ms (FindLiveObjects: 0.159300 ms CreateObjectMapping: 0.050400 ms MarkObjects: 1.392900 ms  DeleteObjects: 0.047300 ms)

========================================================================
Received Prepare
Registering precompiled user dll's ...
Registered in 0.001752 seconds.
Begin MonoManager ReloadAssembly
Native extension for Lumin target not found
Native extension for WindowsStandalone target not found
Native extension for WebGL target not found
Refreshing native plugins compatible for Editor in 0.36 ms, found 2 plugins.
Preloading 0 native plugins for Editor in 0.00 ms.
Mono: successfully reloaded assembly
- Completed reload, in  0.869 seconds
Platform modules already initialized, skipping
Refreshing native plugins compatible for Editor in 0.33 ms, found 2 plugins.
Preloading 0 native plugins for Editor in 0.00 ms.
Unloading 1602 Unused Serialized files (Serialized files now loaded: 0)
System memory in use before: 90.2 MB.
System memory in use after: 90.2 MB.

Unloading 15 unused Assets to reduce memory usage. Loaded Objects now: 2187.
Total: 1.772200 ms (FindLiveObjects: 0.166300 ms CreateObjectMapping: 0.055300 ms MarkObjects: 1.472400 ms  DeleteObjects: 0.077300 ms)

========================================================================
Received Prepare
Registering precompiled user dll's ...
Registered in 0.002159 seconds.
Begin MonoManager ReloadAssembly
Native extension for Lumin target not found
Native extension for WindowsStandalone target not found
Native extension for WebGL target not found
Refreshing native plugins compatible for Editor in 0.34 ms, found 2 plugins.
Preloading 0 native plugins for Editor in 0.00 ms.
Mono: successfully reloaded assembly
- Completed reload, in  0.861 seconds
Platform modules already initialized, skipping
Refreshing native plugins compatible for Editor in 0.33 ms, found 2 plugins.
Preloading 0 native plugins for Editor in 0.00 ms.
Unloading 1602 Unused Serialized files (Serialized files now loaded: 0)
System memory in use before: 90.2 MB.
System memory in use after: 90.2 MB.

Unloading 15 unused Assets to reduce memory usage. Loaded Objects now: 2190.
Total: 1.649700 ms (FindLiveObjects: 0.155300 ms CreateObjectMapping: 0.050800 ms MarkObjects: 1.393300 ms  DeleteObjects: 0.049500 ms)

========================================================================
Received Prepare
Registering precompiled user dll's ...
Registered in 0.001837 seconds.
Begin MonoManager ReloadAssembly
Native extension for Lumin target not found
Native extension for WindowsStandalone target not found
Native extension for WebGL target not found
Refreshing native plugins compatible for Editor in 0.32 ms, found 2 plugins.
Preloading 0 native plugins for Editor in 0.00 ms.
Mono: successfully reloaded assembly
- Completed reload, in  0.861 seconds
Platform modules already initialized, skipping
Refreshing native plugins compatible for Editor in 0.32 ms, found 2 plugins.
Preloading 0 native plugins for Editor in 0.00 ms.
Unloading 1602 Unused Serialized files (Serialized files now loaded: 0)
System memory in use before: 90.2 MB.
System memory in use after: 90.3 MB.

Unloading 15 unused Assets to reduce memory usage. Loaded Objects now: 2193.
Total: 1.656500 ms (FindLiveObjects: 0.151500 ms CreateObjectMapping: 0.051100 ms MarkObjects: 1.407000 ms  DeleteObjects: 0.046200 ms)

========================================================================
Received Prepare
Registering precompiled user dll's ...
Registered in 0.001860 seconds.
Begin MonoManager ReloadAssembly
Native extension for Lumin target not found
Native extension for WindowsStandalone target not found
Native extension for WebGL target not found
Refreshing native plugins compatible for Editor in 0.32 ms, found 2 plugins.
Preloading 0 native plugins for Editor in 0.00 ms.
Mono: successfully reloaded assembly
- Completed reload, in  0.741 seconds
Platform modules already initialized, skipping
Refreshing native plugins compatible for Editor in 0.33 ms, found 2 plugins.
Preloading 0 native plugins for Editor in 0.00 ms.
Unloading 1602 Unused Serialized files (Serialized files now loaded: 0)
System memory in use before: 90.2 MB.
System memory in use after: 90.3 MB.

Unloading 15 unused Assets to reduce memory usage. Loaded Objects now: 2196.
Total: 1.841500 ms (FindLiveObjects: 0.153200 ms CreateObjectMapping: 0.052600 ms MarkObjects: 1.582700 ms  DeleteObjects: 0.052300 ms)

========================================================================
Received Prepare
Registering precompiled user dll's ...
Registered in 0.001826 seconds.
Begin MonoManager ReloadAssembly
Native extension for Lumin target not found
Native extension for WindowsStandalone target not found
Native extension for WebGL target not found
Refreshing native plugins compatible for Editor in 0.31 ms, found 2 plugins.
Preloading 0 native plugins for Editor in 0.00 ms.
Mono: successfully reloaded assembly
- Completed reload, in  0.779 seconds
Platform modules already initialized, skipping
Refreshing native plugins compatible for Editor in 0.31 ms, found 2 plugins.
Preloading 0 native plugins for Editor in 0.00 ms.
Unloading 1602 Unused Serialized files (Serialized files now loaded: 0)
System memory in use before: 90.2 MB.
System memory in use after: 90.3 MB.

Unloading 15 unused Assets to reduce memory usage. Loaded Objects now: 2199.
Total: 1.647000 ms (FindLiveObjects: 0.151100 ms CreateObjectMapping: 0.052000 ms MarkObjects: 1.395700 ms  DeleteObjects: 0.047400 ms)

========================================================================
Received Prepare
Registering precompiled user dll's ...
Registered in 0.001936 seconds.
Begin MonoManager ReloadAssembly
Native extension for Lumin target not found
Native extension for WindowsStandalone target not found
Native extension for WebGL target not found
Refreshing native plugins compatible for Editor in 0.31 ms, found 2 plugins.
Preloading 0 native plugins for Editor in 0.00 ms.
Mono: successfully reloaded assembly
- Completed reload, in  0.758 seconds
Platform modules already initialized, skipping
Refreshing native plugins compatible for Editor in 0.35 ms, found 2 plugins.
Preloading 0 native plugins for Editor in 0.00 ms.
Unloading 1602 Unused Serialized files (Serialized files now loaded: 0)
System memory in use before: 90.2 MB.
System memory in use after: 90.3 MB.

Unloading 15 unused Assets to reduce memory usage. Loaded Objects now: 2202.
Total: 1.663200 ms (FindLiveObjects: 0.150800 ms CreateObjectMapping: 0.049800 ms MarkObjects: 1.412800 ms  DeleteObjects: 0.048900 ms)

========================================================================
Received Prepare
Registering precompiled user dll's ...
Registered in 0.002188 seconds.
Begin MonoManager ReloadAssembly
Native extension for Lumin target not found
Native extension for WindowsStandalone target not found
Native extension for WebGL target not found
Refreshing native plugins compatible for Editor in 0.30 ms, found 2 plugins.
Preloading 0 native plugins for Editor in 0.00 ms.
Mono: successfully reloaded assembly
- Completed reload, in  0.735 seconds
Platform modules already initialized, skipping
Refreshing native plugins compatible for Editor in 0.31 ms, found 2 plugins.
Preloading 0 native plugins for Editor in 0.00 ms.
Unloading 1602 Unused Serialized files (Serialized files now loaded: 0)
System memory in use before: 90.2 MB.
System memory in use after: 90.3 MB.

Unloading 15 unused Assets to reduce memory usage. Loaded Objects now: 2205.
Total: 1.733600 ms (FindLiveObjects: 0.150800 ms CreateObjectMapping: 0.051600 ms MarkObjects: 1.479100 ms  DeleteObjects: 0.051300 ms)

========================================================================
Received Prepare
Registering precompiled user dll's ...
Registered in 0.003052 seconds.
Begin MonoManager ReloadAssembly
Native extension for Lumin target not found
Native extension for WindowsStandalone target not found
Native extension for WebGL target not found
Refreshing native plugins compatible for Editor in 0.31 ms, found 2 plugins.
Preloading 0 native plugins for Editor in 0.00 ms.
Mono: successfully reloaded assembly
- Completed reload, in  0.771 seconds
Platform modules already initialized, skipping
Refreshing native plugins compatible for Editor in 0.32 ms, found 2 plugins.
Preloading 0 native plugins for Editor in 0.00 ms.
Unloading 1602 Unused Serialized files (Serialized files now loaded: 0)
System memory in use before: 90.2 MB.
System memory in use after: 90.3 MB.

Unloading 15 unused Assets to reduce memory usage. Loaded Objects now: 2208.
Total: 1.693200 ms (FindLiveObjects: 0.176600 ms CreateObjectMapping: 0.064900 ms MarkObjects: 1.401900 ms  DeleteObjects: 0.049000 ms)

========================================================================
Received Prepare
Registering precompiled user dll's ...
Registered in 0.002836 seconds.
Begin MonoManager ReloadAssembly
Native extension for Lumin target not found
Native extension for WindowsStandalone target not found
Native extension for WebGL target not found
Refreshing native plugins compatible for Editor in 0.31 ms, found 2 plugins.
Preloading 0 native plugins for Editor in 0.00 ms.
Mono: successfully reloaded assembly
- Completed reload, in  0.763 seconds
Platform modules already initialized, skipping
Refreshing native plugins compatible for Editor in 0.32 ms, found 2 plugins.
Preloading 0 native plugins for Editor in 0.00 ms.
Unloading 1602 Unused Serialized files (Serialized files now loaded: 0)
System memory in use before: 90.2 MB.
System memory in use after: 90.3 MB.

Unloading 15 unused Assets to reduce memory usage. Loaded Objects now: 2211.
Total: 1.761900 ms (FindLiveObjects: 0.193600 ms CreateObjectMapping: 0.059700 ms MarkObjects: 1.458700 ms  DeleteObjects: 0.049200 ms)

========================================================================
Received Prepare
Registering precompiled user dll's ...
Registered in 0.001879 seconds.
Begin MonoManager ReloadAssembly
Native extension for Lumin target not found
Native extension for WindowsStandalone target not found
Native extension for WebGL target not found
Refreshing native plugins compatible for Editor in 0.44 ms, found 2 plugins.
Preloading 0 native plugins for Editor in 0.00 ms.
Mono: successfully reloaded assembly
- Completed reload, in  0.785 seconds
Platform modules already initialized, skipping
Refreshing native plugins compatible for Editor in 0.32 ms, found 2 plugins.
Preloading 0 native plugins for Editor in 0.00 ms.
Unloading 1602 Unused Serialized files (Serialized files now loaded: 0)
System memory in use before: 90.2 MB.
System memory in use after: 90.3 MB.

Unloading 15 unused Assets to reduce memory usage. Loaded Objects now: 2214.
Total: 1.678200 ms (FindLiveObjects: 0.152500 ms CreateObjectMapping: 0.050900 ms MarkObjects: 1.422600 ms  DeleteObjects: 0.051500 ms)

========================================================================
Received Prepare
Registering precompiled user dll's ...
Registered in 0.001989 seconds.
Begin MonoManager ReloadAssembly
Native extension for Lumin target not found
Native extension for WindowsStandalone target not found
Native extension for WebGL target not found
Refreshing native plugins compatible for Editor in 0.30 ms, found 2 plugins.
Preloading 0 native plugins for Editor in 0.00 ms.
Mono: successfully reloaded assembly
- Completed reload, in  0.747 seconds
Platform modules already initialized, skipping
Refreshing native plugins compatible for Editor in 0.32 ms, found 2 plugins.
Preloading 0 native plugins for Editor in 0.00 ms.
Unloading 1602 Unused Serialized files (Serialized files now loaded: 0)
System memory in use before: 90.2 MB.
System memory in use after: 90.3 MB.

Unloading 15 unused Assets to reduce memory usage. Loaded Objects now: 2217.
Total: 1.659700 ms (FindLiveObjects: 0.152800 ms CreateObjectMapping: 0.051500 ms MarkObjects: 1.406900 ms  DeleteObjects: 0.047700 ms)

========================================================================
Received Prepare
Registering precompiled user dll's ...
Registered in 0.002160 seconds.
Begin MonoManager ReloadAssembly
Native extension for Lumin target not found
Native extension for WindowsStandalone target not found
Native extension for WebGL target not found
Refreshing native plugins compatible for Editor in 0.32 ms, found 2 plugins.
Preloading 0 native plugins for Editor in 0.00 ms.
Mono: successfully reloaded assembly
- Completed reload, in  0.765 seconds
Platform modules already initialized, skipping
Refreshing native plugins compatible for Editor in 0.33 ms, found 2 plugins.
Preloading 0 native plugins for Editor in 0.00 ms.
Unloading 1602 Unused Serialized files (Serialized files now loaded: 0)
System memory in use before: 90.2 MB.
System memory in use after: 90.3 MB.

Unloading 15 unused Assets to reduce memory usage. Loaded Objects now: 2220.
Total: 1.866600 ms (FindLiveObjects: 0.255300 ms CreateObjectMapping: 0.087200 ms MarkObjects: 1.467000 ms  DeleteObjects: 0.056200 ms)

========================================================================
Received Prepare
Registering precompiled user dll's ...
Registered in 0.002128 seconds.
Begin MonoManager ReloadAssembly
Native extension for Lumin target not found
Native extension for WindowsStandalone target not found
Native extension for WebGL target not found
Refreshing native plugins compatible for Editor in 0.31 ms, found 2 plugins.
Preloading 0 native plugins for Editor in 0.00 ms.
Mono: successfully reloaded assembly
- Completed reload, in  0.795 seconds
Platform modules already initialized, skipping
Refreshing native plugins compatible for Editor in 0.33 ms, found 2 plugins.
Preloading 0 native plugins for Editor in 0.00 ms.
Unloading 1602 Unused Serialized files (Serialized files now loaded: 0)
System memory in use before: 90.2 MB.
System memory in use after: 90.3 MB.

Unloading 15 unused Assets to reduce memory usage. Loaded Objects now: 2223.
Total: 1.725600 ms (FindLiveObjects: 0.161000 ms CreateObjectMapping: 0.054900 ms MarkObjects: 1.457800 ms  DeleteObjects: 0.051100 ms)

========================================================================
Received Prepare
Registering precompiled user dll's ...
Registered in 0.001787 seconds.
Begin MonoManager ReloadAssembly
Native extension for Lumin target not found
Native extension for WindowsStandalone target not found
Native extension for WebGL target not found
Refreshing native plugins compatible for Editor in 0.31 ms, found 2 plugins.
Preloading 0 native plugins for Editor in 0.00 ms.
Mono: successfully reloaded assembly
- Completed reload, in  0.810 seconds
Platform modules already initialized, skipping
Refreshing native plugins compatible for Editor in 0.35 ms, found 2 plugins.
Preloading 0 native plugins for Editor in 0.00 ms.
Unloading 1602 Unused Serialized files (Serialized files now loaded: 0)
System memory in use before: 90.2 MB.
System memory in use after: 90.3 MB.

Unloading 15 unused Assets to reduce memory usage. Loaded Objects now: 2226.
Total: 1.939300 ms (FindLiveObjects: 0.153000 ms CreateObjectMapping: 0.052200 ms MarkObjects: 1.674900 ms  DeleteObjects: 0.058300 ms)

========================================================================
Received Prepare
Registering precompiled user dll's ...
Registered in 0.001757 seconds.
Begin MonoManager ReloadAssembly
Native extension for Lumin target not found
Native extension for WindowsStandalone target not found
Native extension for WebGL target not found
Refreshing native plugins compatible for Editor in 0.31 ms, found 2 plugins.
Preloading 0 native plugins for Editor in 0.00 ms.
Mono: successfully reloaded assembly
- Completed reload, in  0.770 seconds
Platform modules already initialized, skipping
Refreshing native plugins compatible for Editor in 0.32 ms, found 2 plugins.
Preloading 0 native plugins for Editor in 0.00 ms.
Unloading 1602 Unused Serialized files (Serialized files now loaded: 0)
System memory in use before: 90.2 MB.
System memory in use after: 90.3 MB.

Unloading 15 unused Assets to reduce memory usage. Loaded Objects now: 2229.
Total: 1.654000 ms (FindLiveObjects: 0.151000 ms CreateObjectMapping: 0.051200 ms MarkObjects: 1.402100 ms  DeleteObjects: 0.048700 ms)

========================================================================
Received Prepare
Registering precompiled user dll's ...
Registered in 0.002282 seconds.
Begin MonoManager ReloadAssembly
Native extension for Lumin target not found
Native extension for WindowsStandalone target not found
Native extension for WebGL target not found
Refreshing native plugins compatible for Editor in 0.39 ms, found 2 plugins.
Preloading 0 native plugins for Editor in 0.00 ms.
Mono: successfully reloaded assembly
- Completed reload, in  0.891 seconds
Platform modules already initialized, skipping
Refreshing native plugins compatible for Editor in 0.34 ms, found 2 plugins.
Preloading 0 native plugins for Editor in 0.00 ms.
Unloading 1602 Unused Serialized files (Serialized files now loaded: 0)
System memory in use before: 90.2 MB.
System memory in use after: 90.3 MB.

Unloading 15 unused Assets to reduce memory usage. Loaded Objects now: 2232.
Total: 1.773000 ms (FindLiveObjects: 0.154300 ms CreateObjectMapping: 0.053700 ms MarkObjects: 1.512200 ms  DeleteObjects: 0.052000 ms)

========================================================================
Received Prepare
Registering precompiled user dll's ...
Registered in 0.001764 seconds.
Begin MonoManager ReloadAssembly
Native extension for Lumin target not found
Native extension for WindowsStandalone target not found
Native extension for WebGL target not found
Refreshing native plugins compatible for Editor in 0.31 ms, found 2 plugins.
Preloading 0 native plugins for Editor in 0.00 ms.
Mono: successfully reloaded assembly
- Completed reload, in  0.788 seconds
Platform modules already initialized, skipping
Refreshing native plugins compatible for Editor in 0.33 ms, found 2 plugins.
Preloading 0 native plugins for Editor in 0.00 ms.
Unloading 1602 Unused Serialized files (Serialized files now loaded: 0)
System memory in use before: 90.2 MB.
System memory in use after: 90.3 MB.

Unloading 15 unused Assets to reduce memory usage. Loaded Objects now: 2235.
Total: 1.690900 ms (FindLiveObjects: 0.149000 ms CreateObjectMapping: 0.046300 ms MarkObjects: 1.444700 ms  DeleteObjects: 0.050300 ms)

========================================================================
Received Prepare
Registering precompiled user dll's ...
Registered in 0.002032 seconds.
Begin MonoManager ReloadAssembly
Native extension for Lumin target not found
Native extension for WindowsStandalone target not found
Native extension for WebGL target not found
Refreshing native plugins compatible for Editor in 0.35 ms, found 2 plugins.
Preloading 0 native plugins for Editor in 0.00 ms.
Mono: successfully reloaded assembly
- Completed reload, in  0.794 seconds
Platform modules already initialized, skipping
Refreshing native plugins compatible for Editor in 0.32 ms, found 2 plugins.
Preloading 0 native plugins for Editor in 0.00 ms.
Unloading 1602 Unused Serialized files (Serialized files now loaded: 0)
System memory in use before: 90.3 MB.
System memory in use after: 90.3 MB.

Unloading 15 unused Assets to reduce memory usage. Loaded Objects now: 2238.
Total: 1.640900 ms (FindLiveObjects: 0.146200 ms CreateObjectMapping: 0.051000 ms MarkObjects: 1.397000 ms  DeleteObjects: 0.045900 ms)

========================================================================
Received Prepare
Registering precompiled user dll's ...
Registered in 0.001947 seconds.
Begin MonoManager ReloadAssembly
Native extension for Lumin target not found
Native extension for WindowsStandalone target not found
Native extension for WebGL target not found
Refreshing native plugins compatible for Editor in 0.35 ms, found 2 plugins.
Preloading 0 native plugins for Editor in 0.00 ms.
Mono: successfully reloaded assembly
- Completed reload, in  0.784 seconds
Platform modules already initialized, skipping
Refreshing native plugins compatible for Editor in 0.35 ms, found 2 plugins.
Preloading 0 native plugins for Editor in 0.00 ms.
Unloading 1602 Unused Serialized files (Serialized files now loaded: 0)
System memory in use before: 90.3 MB.
System memory in use after: 90.3 MB.

Unloading 15 unused Assets to reduce memory usage. Loaded Objects now: 2241.
Total: 1.711700 ms (FindLiveObjects: 0.170400 ms CreateObjectMapping: 0.052300 ms MarkObjects: 1.414700 ms  DeleteObjects: 0.073400 ms)

========================================================================
Received Import Request.
  Time since last request: 3181.164096 seconds.
  path: Assets/Prefabs/EnemiesTypes/EnemyTankLevels/New Enemy.asset
  artifactKey: Guid(afa196f715b2a3443a4132faa1c259dd) Importer(815301076,1909f56bfc062723c751e8b465ee728b)
Start importing Assets/Prefabs/EnemiesTypes/EnemyTankLevels/New Enemy.asset using Guid(afa196f715b2a3443a4132faa1c259dd) Importer(815301076,1909f56bfc062723c751e8b465ee728b)  -> (artifact id: '30236d5de0c5e3c23c48439856ae8612') in 0.186189 seconds
  Import took 0.188681 seconds .

========================================================================
Received Import Request.
  Time since last request: 12.580723 seconds.
  path: Assets/Prefabs/EnemiesTypes/EnemyTankLevels/Hard.asset
  artifactKey: Guid(afa196f715b2a3443a4132faa1c259dd) Importer(815301076,1909f56bfc062723c751e8b465ee728b)
Start importing Assets/Prefabs/EnemiesTypes/EnemyTankLevels/Hard.asset using Guid(afa196f715b2a3443a4132faa1c259dd) Importer(815301076,1909f56bfc062723c751e8b465ee728b)  -> (artifact id: '568231e6a2082857fd03fae6da137da0') in 0.005870 seconds
  Import took 0.009013 seconds .

========================================================================
Received Prepare
Registering precompiled user dll's ...
Registered in 0.123372 seconds.
Begin MonoManager ReloadAssembly
Native extension for Lumin target not found
Native extension for WindowsStandalone target not found
Native extension for WebGL target not found
Refreshing native plugins compatible for Editor in 0.30 ms, found 2 plugins.
Preloading 0 native plugins for Editor in 0.00 ms.
Mono: successfully reloaded assembly
- Completed reload, in  0.837 seconds
Platform modules already initialized, skipping
Refreshing native plugins compatible for Editor in 0.32 ms, found 2 plugins.
Preloading 0 native plugins for Editor in 0.00 ms.
Unloading 1602 Unused Serialized files (Serialized files now loaded: 0)
System memory in use before: 90.3 MB.
System memory in use after: 90.3 MB.

Unloading 15 unused Assets to reduce memory usage. Loaded Objects now: 2244.
Total: 1.799800 ms (FindLiveObjects: 0.155500 ms CreateObjectMapping: 0.051900 ms MarkObjects: 1.540000 ms  DeleteObjects: 0.051600 ms)

========================================================================
Received Import Request.
  Time since last request: 589.219036 seconds.
  path: Assets/Scripts/EnemyTankEasy.cs
  artifactKey: Guid(f1a41254ba887514d81ed3ce9d26720c) Importer(815301076,1909f56bfc062723c751e8b465ee728b)
Start importing Assets/Scripts/EnemyTankEasy.cs using Guid(f1a41254ba887514d81ed3ce9d26720c) Importer(815301076,1909f56bfc062723c751e8b465ee728b)  -> (artifact id: '3cd8277fa1e6913b43528cdfbcc3e6d3') in 0.011829 seconds
  Import took 0.015977 seconds .

========================================================================
Received Import Request.
  Time since last request: 0.002112 seconds.
  path: Assets/Scripts/EnemyTankEasy.cs
  artifactKey: Guid(f1a41254ba887514d81ed3ce9d26720c) Importer(815301076,1909f56bfc062723c751e8b465ee728b)
Start importing Assets/Scripts/EnemyTankEasy.cs using Guid(f1a41254ba887514d81ed3ce9d26720c) Importer(815301076,1909f56bfc062723c751e8b465ee728b)  -> (artifact id: '3cd8277fa1e6913b43528cdfbcc3e6d3') in 0.002295 seconds
  Import took 0.005076 seconds .

========================================================================
Received Prepare
Registering precompiled user dll's ...
Registered in 0.002250 seconds.
Begin MonoManager ReloadAssembly
Native extension for Lumin target not found
Native extension for WindowsStandalone target not found
Native extension for WebGL target not found
Refreshing native plugins compatible for Editor in 0.33 ms, found 2 plugins.
Preloading 0 native plugins for Editor in 0.00 ms.
Mono: successfully reloaded assembly
- Completed reload, in  0.809 seconds
Platform modules already initialized, skipping
Refreshing native plugins compatible for Editor in 0.33 ms, found 2 plugins.
Preloading 0 native plugins for Editor in 0.00 ms.
Unloading 1602 Unused Serialized files (Serialized files now loaded: 0)
System memory in use before: 90.3 MB.
System memory in use after: 90.3 MB.

Unloading 15 unused Assets to reduce memory usage. Loaded Objects now: 2247.
Total: 1.772900 ms (FindLiveObjects: 0.175200 ms CreateObjectMapping: 0.053600 ms MarkObjects: 1.491600 ms  DeleteObjects: 0.051700 ms)

========================================================================
Received Import Request.
  Time since last request: 18.807306 seconds.
  path: Assets/Scripts/EnemyLevel.cs
  artifactKey: Guid(f1a41254ba887514d81ed3ce9d26720c) Importer(815301076,1909f56bfc062723c751e8b465ee728b)
Start importing Assets/Scripts/EnemyLevel.cs using Guid(f1a41254ba887514d81ed3ce9d26720c) Importer(815301076,1909f56bfc062723c751e8b465ee728b)  -> (artifact id: 'd1753e621b2e5909128d6c09060c8e02') in 0.007415 seconds
  Import took 0.009854 seconds .

========================================================================
Received Prepare
Registering precompiled user dll's ...
Registered in 0.001744 seconds.
Begin MonoManager ReloadAssembly
Native extension for Lumin target not found
Native extension for WindowsStandalone target not found
Native extension for WebGL target not found
Refreshing native plugins compatible for Editor in 0.30 ms, found 2 plugins.
Preloading 0 native plugins for Editor in 0.00 ms.
Mono: successfully reloaded assembly
- Completed reload, in  0.774 seconds
Platform modules already initialized, skipping
Refreshing native plugins compatible for Editor in 0.32 ms, found 2 plugins.
Preloading 0 native plugins for Editor in 0.00 ms.
Unloading 1602 Unused Serialized files (Serialized files now loaded: 0)
System memory in use before: 90.3 MB.
System memory in use after: 90.4 MB.

Unloading 15 unused Assets to reduce memory usage. Loaded Objects now: 2250.
Total: 1.716200 ms (FindLiveObjects: 0.157700 ms CreateObjectMapping: 0.052800 ms MarkObjects: 1.457400 ms  DeleteObjects: 0.047500 ms)

========================================================================
Received Prepare
Registering precompiled user dll's ...
Registered in 0.001684 seconds.
Begin MonoManager ReloadAssembly
Native extension for Lumin target not found
Native extension for WindowsStandalone target not found
Native extension for WebGL target not found
Refreshing native plugins compatible for Editor in 0.31 ms, found 2 plugins.
Preloading 0 native plugins for Editor in 0.00 ms.
Mono: successfully reloaded assembly
- Completed reload, in  0.772 seconds
Platform modules already initialized, skipping
Refreshing native plugins compatible for Editor in 0.33 ms, found 2 plugins.
Preloading 0 native plugins for Editor in 0.00 ms.
Unloading 1602 Unused Serialized files (Serialized files now loaded: 0)
System memory in use before: 90.3 MB.
System memory in use after: 90.4 MB.

Unloading 15 unused Assets to reduce memory usage. Loaded Objects now: 2253.
Total: 1.954700 ms (FindLiveObjects: 0.159100 ms CreateObjectMapping: 0.050700 ms MarkObjects: 1.690400 ms  DeleteObjects: 0.053800 ms)

========================================================================
Received Prepare
Registering precompiled user dll's ...
Registered in 0.001832 seconds.
Begin MonoManager ReloadAssembly
Native extension for Lumin target not found
Native extension for WindowsStandalone target not found
Native extension for WebGL target not found
Refreshing native plugins compatible for Editor in 0.35 ms, found 2 plugins.
Preloading 0 native plugins for Editor in 0.00 ms.
Mono: successfully reloaded assembly
- Completed reload, in  0.784 seconds
Platform modules already initialized, skipping
Refreshing native plugins compatible for Editor in 0.31 ms, found 2 plugins.
Preloading 0 native plugins for Editor in 0.00 ms.
Unloading 1602 Unused Serialized files (Serialized files now loaded: 0)
System memory in use before: 90.3 MB.
System memory in use after: 90.4 MB.

Unloading 15 unused Assets to reduce memory usage. Loaded Objects now: 2256.
Total: 2.153300 ms (FindLiveObjects: 0.207900 ms CreateObjectMapping: 0.055800 ms MarkObjects: 1.833100 ms  DeleteObjects: 0.055800 ms)

========================================================================
Received Prepare
Registering precompiled user dll's ...
Registered in 0.001911 seconds.
Begin MonoManager ReloadAssembly
Native extension for Lumin target not found
Native extension for WindowsStandalone target not found
Native extension for WebGL target not found
Refreshing native plugins compatible for Editor in 0.30 ms, found 2 plugins.
Preloading 0 native plugins for Editor in 0.00 ms.
Mono: successfully reloaded assembly
- Completed reload, in  0.780 seconds
Platform modules already initialized, skipping
Refreshing native plugins compatible for Editor in 0.32 ms, found 2 plugins.
Preloading 0 native plugins for Editor in 0.00 ms.
Unloading 1602 Unused Serialized files (Serialized files now loaded: 0)
System memory in use before: 90.3 MB.
System memory in use after: 90.4 MB.

Unloading 15 unused Assets to reduce memory usage. Loaded Objects now: 2259.
Total: 1.876800 ms (FindLiveObjects: 0.151800 ms CreateObjectMapping: 0.047300 ms MarkObjects: 1.627500 ms  DeleteObjects: 0.049100 ms)

========================================================================
Received Prepare
Registering precompiled user dll's ...
Registered in 0.002196 seconds.
Begin MonoManager ReloadAssembly
Native extension for Lumin target not found
Native extension for WindowsStandalone target not found
Native extension for WebGL target not found
Refreshing native plugins compatible for Editor in 0.35 ms, found 2 plugins.
Preloading 0 native plugins for Editor in 0.00 ms.
Mono: successfully reloaded assembly
- Completed reload, in  0.770 seconds
Platform modules already initialized, skipping
Refreshing native plugins compatible for Editor in 0.32 ms, found 2 plugins.
Preloading 0 native plugins for Editor in 0.00 ms.
Unloading 1602 Unused Serialized files (Serialized files now loaded: 0)
System memory in use before: 90.3 MB.
System memory in use after: 90.4 MB.

Unloading 15 unused Assets to reduce memory usage. Loaded Objects now: 2262.
Total: 1.776300 ms (FindLiveObjects: 0.168200 ms CreateObjectMapping: 0.050800 ms MarkObjects: 1.508600 ms  DeleteObjects: 0.047900 ms)

========================================================================
Received Prepare
Registering precompiled user dll's ...
Registered in 0.001818 seconds.
Begin MonoManager ReloadAssembly
Native extension for Lumin target not found
Native extension for WindowsStandalone target not found
Native extension for WebGL target not found
Refreshing native plugins compatible for Editor in 0.31 ms, found 2 plugins.
Preloading 0 native plugins for Editor in 0.00 ms.
Mono: successfully reloaded assembly
- Completed reload, in  0.749 seconds
Platform modules already initialized, skipping
Refreshing native plugins compatible for Editor in 0.31 ms, found 2 plugins.
Preloading 0 native plugins for Editor in 0.00 ms.
Unloading 1602 Unused Serialized files (Serialized files now loaded: 0)
System memory in use before: 90.3 MB.
System memory in use after: 90.4 MB.

Unloading 15 unused Assets to reduce memory usage. Loaded Objects now: 2265.
Total: 1.687400 ms (FindLiveObjects: 0.157800 ms CreateObjectMapping: 0.050700 ms MarkObjects: 1.430100 ms  DeleteObjects: 0.048100 ms)

========================================================================
Received Prepare
Registering precompiled user dll's ...
Registered in 0.002062 seconds.
Begin MonoManager ReloadAssembly
Native extension for Lumin target not found
Native extension for WindowsStandalone target not found
Native extension for WebGL target not found
Refreshing native plugins compatible for Editor in 0.32 ms, found 2 plugins.
Preloading 0 native plugins for Editor in 0.00 ms.
Mono: successfully reloaded assembly
- Completed reload, in  0.789 seconds
Platform modules already initialized, skipping
Refreshing native plugins compatible for Editor in 0.31 ms, found 2 plugins.
Preloading 0 native plugins for Editor in 0.00 ms.
Unloading 1602 Unused Serialized files (Serialized files now loaded: 0)
System memory in use before: 90.3 MB.
System memory in use after: 90.4 MB.

Unloading 15 unused Assets to reduce memory usage. Loaded Objects now: 2268.
Total: 1.681500 ms (FindLiveObjects: 0.157100 ms CreateObjectMapping: 0.050800 ms MarkObjects: 1.426100 ms  DeleteObjects: 0.046500 ms)

AssetImportWorkerClient::OnTransportError - code=2 error=End of file
